<?xml version="1.0" encoding="UTF-8"?>
<!-- Generated by org.testng.reporters.JUnitXMLReporter -->
<testsuite ignored="0" hostname="DESKTOP-QJLSV9M" failures="1" tests="87" name="Default test" time="500.983" errors="0" timestamp="2023-05-31T16:50:17 IST">
  <testcase classname="com.Raffloux.ApiTest.RafflouxApiTestClass" name="RestApiLoginValidations" time="13.353"/>
  <testcase classname="com.Raffloux.ApiTest.RafflouxApiTestClass" name="RestApiLoginValidations" time="5.984"/>
  <testcase classname="com.Raffloux.ApiTest.RafflouxApiTestClass" name="RestApiLoginValidations" time="5.898"/>
  <testcase classname="com.Raffloux.ApiTest.RafflouxApiTestClass" name="RestApiLoginValidations" time="5.846"/>
  <testcase classname="com.Raffloux.ApiTest.RafflouxApiTestClass" name="RestApiLoginValidations" time="6.058"/>
  <testcase classname="com.Raffloux.ApiTest.RafflouxApiTestClass" name="RestApiLoginValidations" time="5.777"/>
  <testcase classname="com.Raffloux.ApiTest.RafflouxApiTestClass" name="RestApiLoginValidations" time="5.824"/>
  <testcase classname="com.Raffloux.ApiTest.RafflouxApiTestClass" name="RestApiLoginValidations" time="6.273"/>
  <testcase classname="com.Raffloux.ApiTest.RafflouxApiTestClass" name="RestApiLoginValidations" time="5.676"/>
  <testcase classname="com.Raffloux.ApiTest.RafflouxApiTestClass" name="RestApiLoginValidations" time="5.949"/>
  <testcase classname="com.Raffloux.ApiTest.RafflouxApiTestClass" name="RestApiLoginValidations" time="6.098"/>
  <testcase classname="com.Raffloux.ApiTest.RafflouxApiTestClass" name="RestApiLoginValidations" time="5.679"/>
  <testcase classname="com.Raffloux.ApiTest.RafflouxApiTestClass" name="RestApiLoginValidations" time="5.966"/>
  <testcase classname="com.Raffloux.ApiTest.RafflouxApiTestClass" name="RestApiLoginValidations" time="5.789"/>
  <testcase classname="com.Raffloux.ApiTest.RafflouxApiTestClass" name="RestApiLoginValidations" time="5.495"/>
  <testcase classname="com.Raffloux.ApiTest.RafflouxApiTestClass" name="RestApiLoginValidations" time="5.59"/>
  <testcase classname="com.Raffloux.ApiTest.RafflouxApiTestClass" name="RestApiLoginValidations" time="5.627"/>
  <testcase classname="com.Raffloux.ApiTest.RafflouxApiTestClass" name="RestApiLoginValidations" time="5.5"/>
  <testcase classname="com.Raffloux.ApiTest.RafflouxApiTestClass" name="RestApiLoginValidations" time="5.605"/>
  <testcase classname="com.Raffloux.ApiTest.RafflouxApiTestClass" name="RestApiLoginValidations" time="6.06"/>
  <testcase classname="com.Raffloux.ApiTest.RafflouxApiTestClass" name="RestApiLoginValidations" time="5.581"/>
  <testcase classname="com.Raffloux.ApiTest.RafflouxApiTestClass" name="RestApiLoginValidations" time="5.613"/>
  <testcase classname="com.Raffloux.ApiTest.RafflouxApiTestClass" name="RestApiLoginValidations" time="5.828"/>
  <testcase classname="com.Raffloux.ApiTest.RafflouxApiTestClass" name="RestApiLoginValidations" time="5.814"/>
  <testcase classname="com.Raffloux.ApiTest.RafflouxApiTestClass" name="RestApiLoginValidations" time="5.61"/>
  <testcase classname="com.Raffloux.ApiTest.RafflouxApiTestClass" name="RestApiLoginValidations" time="6.878"/>
  <testcase classname="com.Raffloux.ApiTest.RafflouxApiTestClass" name="RestApiLoginValidations" time="5.723"/>
  <testcase classname="com.Raffloux.ApiTest.RafflouxApiTestClass" name="RestApiLoginValidations" time="6.117"/>
  <testcase classname="com.Raffloux.ApiTest.RafflouxApiTestClass" name="RestApiLoginValidations" time="6.225"/>
  <testcase classname="com.Raffloux.ApiTest.RafflouxApiTestClass" name="RestApiLoginValidations" time="5.942"/>
  <testcase classname="com.Raffloux.ApiTest.RafflouxApiTestClass" name="RestApiLoginValidations" time="5.966"/>
  <testcase classname="com.Raffloux.ApiTest.RafflouxApiTestClass" name="RestApiLoginValidations" time="6.057"/>
  <testcase classname="com.Raffloux.ApiTest.RafflouxApiTestClass" name="RestApiLoginValidations" time="5.526"/>
  <testcase classname="com.Raffloux.ApiTest.RafflouxApiTestClass" name="RestApiLoginValidations" time="5.597"/>
  <testcase classname="com.Raffloux.ApiTest.RafflouxApiTestClass" name="RestApiLoginValidations" time="5.787"/>
  <testcase classname="com.Raffloux.ApiTest.RafflouxApiTestClass" name="RestApiLoginValidations" time="5.905"/>
  <testcase classname="com.Raffloux.ApiTest.RafflouxApiTestClass" name="RestApiLoginValidations" time="6.112"/>
  <testcase classname="com.Raffloux.ApiTest.RafflouxApiTestClass" name="RestApiLoginValidations" time="5.93"/>
  <testcase classname="com.Raffloux.ApiTest.RafflouxApiTestClass" name="RestApiLoginValidations" time="5.699"/>
  <testcase classname="com.Raffloux.ApiTest.RafflouxApiTestClass" name="RestApiLoginValidations" time="5.944"/>
  <testcase classname="com.Raffloux.ApiTest.RafflouxApiTestClass" name="RestApiLoginValidations" time="5.582"/>
  <testcase classname="com.Raffloux.ApiTest.RafflouxApiTestClass" name="RestApiLoginValidations" time="5.588"/>
  <testcase classname="com.Raffloux.ApiTest.RafflouxApiTestClass" name="RestApiLoginValidations" time="0.538"/>
  <testcase classname="com.Raffloux.ApiTest.RafflouxApiTestClass" name="RestApiLoginValidations" time="0.482"/>
  <testcase classname="com.Raffloux.ApiTest.RafflouxApiTestClass" name="RestApiLoginValidations" time="5.966"/>
  <testcase classname="com.Raffloux.ApiTest.RafflouxApiTestClass" name="RestApiLoginValidations" time="5.594"/>
  <testcase classname="com.Raffloux.ApiTest.RafflouxApiTestClass" name="RestApiLoginValidations" time="5.53"/>
  <testcase classname="com.Raffloux.ApiTest.RafflouxApiTestClass" name="RestApiLoginValidations" time="5.558"/>
  <testcase classname="com.Raffloux.ApiTest.RafflouxApiTestClass" name="RestApiLoginValidations" time="5.636"/>
  <testcase classname="com.Raffloux.ApiTest.RafflouxApiTestClass" name="RestApiLoginValidations" time="5.664"/>
  <testcase classname="com.Raffloux.ApiTest.RafflouxApiTestClass" name="RestApiLoginValidations" time="5.438"/>
  <testcase classname="com.Raffloux.ApiTest.RafflouxApiTestClass" name="RestApiLoginValidations" time="5.821"/>
  <testcase classname="com.Raffloux.ApiTest.RafflouxApiTestClass" name="RestApiLoginValidations" time="5.928"/>
  <testcase classname="com.Raffloux.ApiTest.RafflouxApiTestClass" name="RestApiLoginValidations" time="5.523"/>
  <testcase classname="com.Raffloux.ApiTest.RafflouxApiTestClass" name="RestApiLoginValidations" time="5.568"/>
  <testcase classname="com.Raffloux.ApiTest.RafflouxApiTestClass" name="RestApiLoginValidations" time="5.616"/>
  <testcase classname="com.Raffloux.ApiTest.RafflouxApiTestClass" name="RestApiLoginValidations" time="5.5"/>
  <testcase classname="com.Raffloux.ApiTest.RafflouxApiTestClass" name="RestApiLoginValidations" time="5.636"/>
  <testcase classname="com.Raffloux.ApiTest.RafflouxApiTestClass" name="RestApiLoginValidations" time="6.272"/>
  <testcase classname="com.Raffloux.ApiTest.RafflouxApiTestClass" name="RestApiLoginValidations" time="6.04"/>
  <testcase classname="com.Raffloux.ApiTest.RafflouxApiTestClass" name="RestApiLoginValidations" time="6.201"/>
  <testcase classname="com.Raffloux.ApiTest.RafflouxApiTestClass" name="RestApiLoginValidations" time="5.764"/>
  <testcase classname="com.Raffloux.ApiTest.RafflouxApiTestClass" name="RestApiLoginValidations" time="5.549"/>
  <testcase classname="com.Raffloux.ApiTest.RafflouxApiTestClass" name="RestApiLoginValidations" time="5.568"/>
  <testcase classname="com.Raffloux.ApiTest.RafflouxApiTestClass" name="RestApiLoginValidations" time="5.638"/>
  <testcase classname="com.Raffloux.ApiTest.RafflouxApiTestClass" name="RestApiLoginValidations" time="5.501"/>
  <testcase classname="com.Raffloux.ApiTest.RafflouxApiTestClass" name="RestApiLoginValidations" time="5.726"/>
  <testcase classname="com.Raffloux.ApiTest.RafflouxApiTestClass" name="RestApiLoginValidations" time="5.67"/>
  <testcase classname="com.Raffloux.ApiTest.RafflouxApiTestClass" name="RestApiLoginValidations" time="5.962"/>
  <testcase classname="com.Raffloux.ApiTest.RafflouxApiTestClass" name="RestApiLoginValidations" time="5.548"/>
  <testcase classname="com.Raffloux.ApiTest.RafflouxApiTestClass" name="RestApiLoginValidations" time="5.551"/>
  <testcase classname="com.Raffloux.ApiTest.RafflouxApiTestClass" name="RestApiLoginValidations" time="5.574"/>
  <testcase classname="com.Raffloux.ApiTest.RafflouxApiTestClass" name="RestApiLoginValidations" time="5.569"/>
  <testcase classname="com.Raffloux.ApiTest.RafflouxApiTestClass" name="RestApiLoginValidations" time="5.607"/>
  <testcase classname="com.Raffloux.ApiTest.RafflouxApiTestClass" name="RestApiLoginValidations" time="5.525"/>
  <testcase classname="com.Raffloux.ApiTest.RafflouxApiTestClass" name="RestApiLoginValidations" time="5.572"/>
  <testcase classname="com.Raffloux.ApiTest.RafflouxApiTestClass" name="RestApiLoginValidations" time="5.623"/>
  <testcase classname="com.Raffloux.ApiTest.RafflouxApiTestClass" name="RestApiLoginValidations" time="5.701"/>
  <testcase classname="com.Raffloux.ApiTest.RafflouxApiTestClass" name="RestApiLoginValidations" time="5.85"/>
  <testcase classname="com.Raffloux.ApiTest.RafflouxApiTestClass" name="RestApiLoginValidations" time="5.541"/>
  <testcase classname="com.Raffloux.ApiTest.RafflouxApiTestClass" name="RestApiLoginValidations" time="5.909"/>
  <testcase classname="com.Raffloux.ApiTest.RafflouxApiTestClass" name="RestApiLoginValidations" time="5.749"/>
  <testcase classname="com.Raffloux.ApiTest.RafflouxApiTestClass" name="RestApiLoginValidations" time="5.575"/>
  <testcase classname="com.Raffloux.ApiTest.RafflouxApiTestClass" name="RestApiLoginValidations" time="5.829"/>
  <testcase classname="com.Raffloux.ApiTest.RafflouxApiTestClass" name="RestApiLoginValidations" time="5.781"/>
  <testcase classname="com.Raffloux.ApiTest.RafflouxApiTestClass" name="RestApiLoginValidations" time="5.593"/>
  <testcase classname="com.Raffloux.ApiTest.RafflouxApiTestClass" name="RestApiLoginValidations" time="486.678">
    <failure type="org.testng.internal.reflect.MethodMatcherException" message="
[public void com.Raffloux.ApiTest.RafflouxApiTestClass.RestApiLoginValidations(java.lang.String,java.lang.String,java.lang.String,java.lang.String,java.lang.String,double,java.lang.String)] has no parameters defined but was found to be using a data provider (either explicitly specified or inherited from class level annotation).
Data provider mismatch
Method: RestApiLoginValidations([java.lang.String arg0, java.lang.String arg1, java.lang.String arg2, java.lang.String arg3, java.lang.String arg4, double arg5, java.lang.String arg6])
Arguments: [(java.lang.String) ROW:87,(java.lang.String) Draw Details,(java.lang.String) POST,(java.lang.String) /v1/fetchDrawDetails,(java.lang.String) {
&amp;quot;drawCode&amp;quot;:&amp;quot;22&amp;quot;},(java.lang.Double) 200.0]">
      <![CDATA[org.testng.internal.reflect.MethodMatcherException: 
[public void com.Raffloux.ApiTest.RafflouxApiTestClass.RestApiLoginValidations(java.lang.String,java.lang.String,java.lang.String,java.lang.String,java.lang.String,double,java.lang.String)] has no parameters defined but was found to be using a data provider (either explicitly specified or inherited from class level annotation).
Data provider mismatch
Method: RestApiLoginValidations([java.lang.String arg0, java.lang.String arg1, java.lang.String arg2, java.lang.String arg3, java.lang.String arg4, double arg5, java.lang.String arg6])
Arguments: [(java.lang.String) ROW:87,(java.lang.String) Draw Details,(java.lang.String) POST,(java.lang.String) /v1/fetchDrawDetails,(java.lang.String) {
"drawCode":"22"},(java.lang.Double) 200.0]
at org.testng.internal.reflect.DataProviderMethodMatcher.getConformingArguments(DataProviderMethodMatcher.java:46)
at org.testng.internal.Parameters.injectParameters(Parameters.java:909)
at org.testng.internal.invokers.MethodRunner.runInSequence(MethodRunner.java:37)
at org.testng.internal.invokers.TestInvoker$MethodInvocationAgent.invoke(TestInvoker.java:969)
at org.testng.internal.invokers.TestInvoker.invokeTestMethods(TestInvoker.java:194)
at org.testng.internal.invokers.TestMethodWorker.invokeTestMethods(TestMethodWorker.java:148)
at org.testng.internal.invokers.TestMethodWorker.run(TestMethodWorker.java:128)
at java.base/java.util.ArrayList.forEach(ArrayList.java:1511)
at org.testng.TestRunner.privateRun(TestRunner.java:829)
at org.testng.TestRunner.run(TestRunner.java:602)
at org.testng.SuiteRunner.runTest(SuiteRunner.java:437)
at org.testng.SuiteRunner.runSequentially(SuiteRunner.java:431)
at org.testng.SuiteRunner.privateRun(SuiteRunner.java:391)
at org.testng.SuiteRunner.run(SuiteRunner.java:330)
at org.testng.SuiteRunnerWorker.runSuite(SuiteRunnerWorker.java:52)
at org.testng.SuiteRunnerWorker.run(SuiteRunnerWorker.java:95)
at org.testng.TestNG.runSuitesSequentially(TestNG.java:1256)
at org.testng.TestNG.runSuitesLocally(TestNG.java:1176)
at org.testng.TestNG.runSuites(TestNG.java:1099)
at org.testng.TestNG.run(TestNG.java:1067)
at org.testng.remote.AbstractRemoteTestNG.run(AbstractRemoteTestNG.java:115)
at org.testng.remote.RemoteTestNG.initAndRun(RemoteTestNG.java:251)
at org.testng.remote.RemoteTestNG.main(RemoteTestNG.java:77)
]]>
    </failure>
  </testcase> <!-- RestApiLoginValidations -->
</testsuite> <!-- Default test -->
