<?xml version="1.0" encoding="UTF-8"?>
<testng-results ignored="0" total="87" passed="86" failed="1" skipped="0">
  <reporter-output>
    <line>
      <![CDATA[Actual Response body =>eyJhbGciOiJIUzI1NiIsInR5cCI6IkpXVCJ9.eyJ1c2VyX2lkIjoxNTEwNjMsInVzZXJfZW1haWwiOiJ2ZWVyYS5yYWdoYXZhbkByaGliaHVzLmNvbSIsInVzZXJfZmlyc3RfbmFtZSI6InZlZXJhIiwidXNlcl9sYXN0X25hbWUiOiJyYWdoYXZhbiIsImlhdCI6MTY4NTUzMTUyOX0._8-7Yoh0M4NdKIzZMmfBGa2AdAcAKx_oge9sun7A2KI=>Expected Response Body is=>eyJ1c2VyX2lkIjoxNTEwNjMsInVzZXJfZW1haWwiOiJ2ZWVyYS5yYWdoYXZhbkByaGliaHVzLmNvbSIsInVzZXJfZmlyc3RfbmFtZSI6InZlZXJhIiwidXNlcl9sYXN0X25hbWUiOiJyYWdoYXZhbiIsImlhdCI6MTY4NTMzMjEwM30]]>
    </line>
  </reporter-output>
  <suite started-at="2023-05-31T16:41:56 IST" name="Default suite" finished-at="2023-05-31T16:50:17 IST" duration-ms="500983">
    <groups>
    </groups>
    <test started-at="2023-05-31T16:41:56 IST" name="Default test" finished-at="2023-05-31T16:50:17 IST" duration-ms="500983">
      <class name="com.Raffloux.ApiTest.RafflouxApiTestClass">
        <test-method is-config="true" signature="setUp()[pri:0, instance:com.Raffloux.ApiTest.RafflouxApiTestClass@724f138e]" started-at="2023-05-31T16:41:54 IST" name="setUp" finished-at="2023-05-31T16:41:56 IST" duration-ms="1409" status="PASS">
          <reporter-output>
          </reporter-output>
        </test-method> <!-- setUp -->
        <test-method is-config="true" signature="beforeMethod()[pri:0, instance:com.Raffloux.ApiTest.RafflouxApiTestClass@724f138e]" started-at="2023-05-31T16:41:56 IST" name="beforeMethod" finished-at="2023-05-31T16:41:56 IST" duration-ms="22" status="PASS">
          <reporter-output>
          </reporter-output>
        </test-method> <!-- beforeMethod -->
        <test-method signature="RestApiLoginValidations()[pri:1, instance:com.Raffloux.ApiTest.RafflouxApiTestClass@724f138e]" started-at="2023-05-31T16:41:56 IST" name="RestApiLoginValidations" finished-at="2023-05-31T16:42:09 IST" duration-ms="13353" status="PASS">
          <reporter-output>
            <line>
              <![CDATA[Actual Response body =>eyJhbGciOiJIUzI1NiIsInR5cCI6IkpXVCJ9.eyJ1c2VyX2lkIjoxNTEwNjMsInVzZXJfZW1haWwiOiJ2ZWVyYS5yYWdoYXZhbkByaGliaHVzLmNvbSIsInVzZXJfZmlyc3RfbmFtZSI6InZlZXJhIiwidXNlcl9sYXN0X25hbWUiOiJyYWdoYXZhbiIsImlhdCI6MTY4NTUzMTUyOX0._8-7Yoh0M4NdKIzZMmfBGa2AdAcAKx_oge9sun7A2KI=>Expected Response Body is=>eyJ1c2VyX2lkIjoxNTEwNjMsInVzZXJfZW1haWwiOiJ2ZWVyYS5yYWdoYXZhbkByaGliaHVzLmNvbSIsInVzZXJfZmlyc3RfbmFtZSI6InZlZXJhIiwidXNlcl9sYXN0X25hbWUiOiJyYWdoYXZhbiIsImlhdCI6MTY4NTMzMjEwM30]]>
            </line>
          </reporter-output>
        </test-method> <!-- RestApiLoginValidations -->
        <test-method is-config="true" signature="afterMethod()[pri:0, instance:com.Raffloux.ApiTest.RafflouxApiTestClass@724f138e]" started-at="2023-05-31T16:42:09 IST" name="afterMethod" finished-at="2023-05-31T16:42:10 IST" duration-ms="757" status="PASS">
          <reporter-output>
          </reporter-output>
        </test-method> <!-- afterMethod -->
        <test-method signature="RestApiLoginValidations(java.lang.String,java.lang.String,java.lang.String,java.lang.String,java.lang.String,double,java.lang.String)[pri:2, instance:com.Raffloux.ApiTest.RafflouxApiTestClass@724f138e]" started-at="2023-05-31T16:42:10 IST" name="RestApiLoginValidations" data-provider="FunctSheet" finished-at="2023-05-31T16:50:17 IST" duration-ms="486678" status="FAIL">
          <exception class="org.testng.internal.reflect.MethodMatcherException">
            <message>
              <![CDATA[
[public void com.Raffloux.ApiTest.RafflouxApiTestClass.RestApiLoginValidations(java.lang.String,java.lang.String,java.lang.String,java.lang.String,java.lang.String,double,java.lang.String)] has no parameters defined but was found to be using a data provider (either explicitly specified or inherited from class level annotation).
Data provider mismatch
Method: RestApiLoginValidations([java.lang.String arg0, java.lang.String arg1, java.lang.String arg2, java.lang.String arg3, java.lang.String arg4, double arg5, java.lang.String arg6])
Arguments: [(java.lang.String) ROW:87,(java.lang.String) Draw Details,(java.lang.String) POST,(java.lang.String) /v1/fetchDrawDetails,(java.lang.String) {
"drawCode":"22"},(java.lang.Double) 200.0]]]>
            </message>
            <full-stacktrace>
              <![CDATA[org.testng.internal.reflect.MethodMatcherException: 
[public void com.Raffloux.ApiTest.RafflouxApiTestClass.RestApiLoginValidations(java.lang.String,java.lang.String,java.lang.String,java.lang.String,java.lang.String,double,java.lang.String)] has no parameters defined but was found to be using a data provider (either explicitly specified or inherited from class level annotation).
Data provider mismatch
Method: RestApiLoginValidations([java.lang.String arg0, java.lang.String arg1, java.lang.String arg2, java.lang.String arg3, java.lang.String arg4, double arg5, java.lang.String arg6])
Arguments: [(java.lang.String) ROW:87,(java.lang.String) Draw Details,(java.lang.String) POST,(java.lang.String) /v1/fetchDrawDetails,(java.lang.String) {
"drawCode":"22"},(java.lang.Double) 200.0]
at org.testng.internal.reflect.DataProviderMethodMatcher.getConformingArguments(DataProviderMethodMatcher.java:46)
at org.testng.internal.Parameters.injectParameters(Parameters.java:909)
at org.testng.internal.invokers.MethodRunner.runInSequence(MethodRunner.java:37)
at org.testng.internal.invokers.TestInvoker$MethodInvocationAgent.invoke(TestInvoker.java:969)
at org.testng.internal.invokers.TestInvoker.invokeTestMethods(TestInvoker.java:194)
at org.testng.internal.invokers.TestMethodWorker.invokeTestMethods(TestMethodWorker.java:148)
at org.testng.internal.invokers.TestMethodWorker.run(TestMethodWorker.java:128)
at java.base/java.util.ArrayList.forEach(ArrayList.java:1511)
at org.testng.TestRunner.privateRun(TestRunner.java:829)
at org.testng.TestRunner.run(TestRunner.java:602)
at org.testng.SuiteRunner.runTest(SuiteRunner.java:437)
at org.testng.SuiteRunner.runSequentially(SuiteRunner.java:431)
at org.testng.SuiteRunner.privateRun(SuiteRunner.java:391)
at org.testng.SuiteRunner.run(SuiteRunner.java:330)
at org.testng.SuiteRunnerWorker.runSuite(SuiteRunnerWorker.java:52)
at org.testng.SuiteRunnerWorker.run(SuiteRunnerWorker.java:95)
at org.testng.TestNG.runSuitesSequentially(TestNG.java:1256)
at org.testng.TestNG.runSuitesLocally(TestNG.java:1176)
at org.testng.TestNG.runSuites(TestNG.java:1099)
at org.testng.TestNG.run(TestNG.java:1067)
at org.testng.remote.AbstractRemoteTestNG.run(AbstractRemoteTestNG.java:115)
at org.testng.remote.RemoteTestNG.initAndRun(RemoteTestNG.java:251)
at org.testng.remote.RemoteTestNG.main(RemoteTestNG.java:77)
]]>
            </full-stacktrace>
          </exception> <!-- org.testng.internal.reflect.MethodMatcherException -->
          <reporter-output>
          </reporter-output>
        </test-method> <!-- RestApiLoginValidations -->
        <test-method is-config="true" signature="beforeMethod()[pri:0, instance:com.Raffloux.ApiTest.RafflouxApiTestClass@724f138e]" started-at="2023-05-31T16:42:12 IST" name="beforeMethod" finished-at="2023-05-31T16:42:12 IST" duration-ms="1" status="PASS">
          <reporter-output>
          </reporter-output>
        </test-method> <!-- beforeMethod -->
        <test-method signature="RestApiLoginValidations(java.lang.String,java.lang.String,java.lang.String,java.lang.String,java.lang.String,double,java.lang.String)[pri:2, instance:com.Raffloux.ApiTest.RafflouxApiTestClass@724f138e]" started-at="2023-05-31T16:42:12 IST" name="RestApiLoginValidations" data-provider="FunctSheet" finished-at="2023-05-31T16:42:18 IST" duration-ms="5984" status="PASS">
          <params>
            <param index="0">
              <value>
                <![CDATA[ROW:2]]>
              </value>
            </param>
            <param index="1">
              <value>
                <![CDATA[fetchFeaturedRaffles by giving valid data]]>
              </value>
            </param>
            <param index="2">
              <value>
                <![CDATA[POST]]>
              </value>
            </param>
            <param index="3">
              <value>
                <![CDATA[/v1/fetchFeaturedRaffles]]>
              </value>
            </param>
            <param index="4">
              <value>
                <![CDATA[{}]]>
              </value>
            </param>
            <param index="5">
              <value>
                <![CDATA[200.0]]>
              </value>
            </param>
            <param index="6">
              <value>
                <![CDATA[[{"id":8197,"RaffleCode":3909,"QuantityOfItems":1,"MainImageUrl":"media23/rafNinjaBBQ_main.webp","Summary":".","Description":"Win an Ninja Woodfire Electric BBQ!\r\n

\r\nDiscover a new way to cook outdoors. Grill, smoke, air fry and more, all with real Woodfire flavours. Powered by electricity, simply plug in and go for hassle-free outdoor cooking, any day of the week. All the flavour without the fuss of gas or charcoal. Fire up the flavour with Woodfire Technology. The integrated smoker box burns 100% natural wood pellets to create authentic woodfire flavours - simply add 1 scoop of Woodfire Pellets. 7 ways to cook: Grill, Smoke, Air Fry, Roast, Bake, Reheat and Dehydrate.","ReservePrice":"0.00","NoOfTickets":null,"RaffleLength":null,"RaffleExpire":"2023-05-22T21:00:00.000Z","RaffleAdded":"2023-04-24T13:30:49.730Z","Featured":false,"TicketsSold":0,"TicketsLeft":null,"TicketStartInt":1,"CategoryID_id":6,"Condition_id":1,"DeliveryInformation_id":2,"Status_id":2,"Charity_id":null,"CharityAmount":"0","Title":"Ninja Woodfire BBQ","ProductSource":"","RetailPrice":"350.00","Specification":"ç7 ways to cook: \r\nGrill \r\nSmoke\r\nAir Fry \r\nRoast\r\nBake\r\nReheat\r\nDehydrate.","TargetPrice":"700.00","Seller_id":1,"CreatedDateTime":"2023-04-24T13:30:49.745Z","MiniImageUrl":"media23/rafNinjaBBQ_mini.webp","FacebookDescription":"Win an Ninja Woodfire Electric BBQ!","FacebookTitle":"Win an Ninja Woodfire Electric BBQ!","CreditsPerTicket":1,"Extended":false,"ExtendedDays":0,"isLive":true,"TicketsPerEntry":1,"MaxEntries":20,"isCharity":false,"CharityColorOverride":"","isFlash":false,"slug":"ninjabbq","VideoUrl_mp4":"","FeatureRaffleSort":0,"VideoLength_mp4":0,"VideoUrl_webm":"","NoWinners":1,"JiraKeyId":"NA","Sponsor_id":null,"MainImageAlt":"Win an Ninja Woodfire Electric BBQ!","MiniImageAlt":"Win an Ninja Woodfire Electric BBQ!","PromoImageAlt":"","PromoImageUrl":"","drawing_in":"2023-05-22T21:00:00.000Z","postal_tickets":"","ticket_entries":"","isSuperRaffle":false,"isUnlimitedTickets":false,"Winners":null,"isLiveDraw":false,"isSequentialTickets":false,"isAutoClone":false,"autoCloned":false,"clonedFrom_id":8580,"Video_NoSound":false,"VideoLiveDrawUrl":null,"MetaDescription":"Win an Ninja Woodfire Electric BBQ!","MetaTitle":"Win an Ninja Woodfire Electric BBQ!","XLImageAlt":"","XLImageUrl":"","isFreeRaffle":false,"isNew":false,"CharityTargetRaisedAmount":0,"CharityApproximateDonation":1000,"isUnlimitedEntries":true,"isGuaranteedDraw":false,"autoraffle":false,"custom_raffle_id":null,"displayed_winner_description":"","displayed_winner_img_url":null,"AllRaffleSort":0,"entry_cost_gbp":"0.99","is_unlimited_entries":false,"is_unlimited_raffle":false,"total_entries":699,"total_entries_per_player":50,"discounted_entry_cost_gbp":"1.00","discounted_entry_percentage":"0","disable_ticket_selector":false,"Youtube_Link":"","hide_tickets_checkout":false,"instant_win_image":null,"noOfTopPrizes":6,"cash_alternative":0,"isFeatured":true,"Sort":1,"Raffle_id":8909,"Website_id":6,"percentage_sold":58,"total_entries_sold":"405","is_launch_price":false,"time_left_days":-8,"is_timer_enabled":false},{"id":8212,"RaffleCode":4094,"QuantityOfItems":1,"MainImageUrl":"media23/raf3KMulti_main.webp","Summary":".","Description":"Welcome to THE 100!\r\n

\r\n£3,000 worth of prizes in total.\r\n

\r\nThe minimum win on this prize is £100. That's right every instant win on this raffle is £100 and there are 25 you could find! \r\n

\r\nThere is also a £500 Jackpot when the raffle draws. \r\n

\r\nYou will win an instant-win prize if you purchase a ticket number associated with a prize, if an instant-win prize ticket is unsold, it will not be won.\r\n

\r\nThere are 25 x £100 cash prizes hidden in this raffle and don't forget every ticket you buy will be in with a chance of winning the £500 Jackpot.","ReservePrice":"0.00","NoOfTickets":null,"RaffleLength":null,"RaffleExpire":"2023-06-24T21:00:00.000Z","RaffleAdded":"2023-05-22T10:38:07.529Z","Featured":false,"TicketsSold":0,"TicketsLeft":null,"TicketStartInt":1,"CategoryID_id":35,"Condition_id":1,"DeliveryInformation_id":2,"Status_id":2,"Charity_id":null,"CharityAmount":"0","Title":"The 100 Instant Win","ProductSource":"","RetailPrice":"500.00","Specification":".","TargetPrice":"6000.00","Seller_id":1,"CreatedDateTime":"2023-05-22T10:38:07.543Z","MiniImageUrl":"media23/raf3KMulti_mini.webp","FacebookDescription":"The 100 Instant Win","FacebookTitle":"The 100 Instant Win","CreditsPerTicket":1,"Extended":false,"ExtendedDays":0,"isLive":true,"TicketsPerEntry":1,"MaxEntries":20,"isCharity":false,"CharityColorOverride":"","isFlash":true,"slug":"the100","VideoUrl_mp4":"","FeatureRaffleSort":0,"VideoLength_mp4":0,"VideoUrl_webm":"","NoWinners":1,"JiraKeyId":"NA","Sponsor_id":null,"MainImageAlt":"The 100","MiniImageAlt":"The 100","PromoImageAlt":"The 100","PromoImageUrl":"media23/raf3KMulti_promo.webp","drawing_in":"2023-06-30T21:00:00.000Z","postal_tickets":"","ticket_entries":"","isSuperRaffle":false,"isUnlimitedTickets":false,"Winners":null,"isLiveDraw":false,"isSequentialTickets":false,"isAutoClone":false,"autoCloned":false,"clonedFrom_id":8841,"Video_NoSound":false,"VideoLiveDrawUrl":null,"MetaDescription":"The 100 Instant Win","MetaTitle":"The 100 Instant Win","XLImageAlt":"The 100","XLImageUrl":"media23/raf3KMulti_XL.webp","isFreeRaffle":false,"isNew":false,"CharityTargetRaisedAmount":0,"CharityApproximateDonation":1000,"isUnlimitedEntries":true,"isGuaranteedDraw":false,"autoraffle":false,"custom_raffle_id":null,"displayed_winner_description":"","displayed_winner_img_url":null,"AllRaffleSort":0,"entry_cost_gbp":"4.99","is_unlimited_entries":false,"is_unlimited_raffle":false,"total_entries":999,"total_entries_per_player":80,"discounted_entry_cost_gbp":"1.00","discounted_entry_percentage":"0","disable_ticket_selector":true,"Youtube_Link":"","hide_tickets_checkout":true,"instant_win_image":null,"noOfTopPrizes":25,"cash_alternative":0,"isFeatured":true,"Sort":0,"Raffle_id":9099,"Website_id":6,"percentage_sold":26,"total_entries_sold":"255","is_launch_price":false,"time_left_days":0,"is_timer_enabled":false},{"id":8205,"RaffleCode":3996,"QuantityOfItems":1,"MainImageUrl":"media23/rafAC_main.webp","Summary":".","Description":"This cash Instant Win raffle is out of this world! \r\n

\r\nNot only is there £2,000 up for grabs but there is also £28,000 of instant wins that could be found throughout the raffle!\r\n

\r\nWill you be fast enough to grab these instant wins and bag yourself some cash on the way to the chance of winning a whopping £2,000?\r\n

\r\nYou will win an instant-win prize if you purchase a ticket number associated with a prize, if an instant-win prize ticket is unsold, it will not be won. \r\n
]]>
              </value>
            </param>
          </params>
          <reporter-output>
          </reporter-output>
        </test-method> <!-- RestApiLoginValidations -->
        <test-method is-config="true" signature="afterMethod()[pri:0, instance:com.Raffloux.ApiTest.RafflouxApiTestClass@724f138e]" started-at="2023-05-31T16:42:18 IST" name="afterMethod" finished-at="2023-05-31T16:42:18 IST" duration-ms="42" status="PASS">
          <reporter-output>
          </reporter-output>
        </test-method> <!-- afterMethod -->
        <test-method is-config="true" signature="beforeMethod()[pri:0, instance:com.Raffloux.ApiTest.RafflouxApiTestClass@724f138e]" started-at="2023-05-31T16:42:18 IST" name="beforeMethod" finished-at="2023-05-31T16:42:18 IST" duration-ms="1" status="PASS">
          <reporter-output>
          </reporter-output>
        </test-method> <!-- beforeMethod -->
        <test-method signature="RestApiLoginValidations(java.lang.String,java.lang.String,java.lang.String,java.lang.String,java.lang.String,double,java.lang.String)[pri:2, instance:com.Raffloux.ApiTest.RafflouxApiTestClass@724f138e]" started-at="2023-05-31T16:42:18 IST" name="RestApiLoginValidations" data-provider="FunctSheet" finished-at="2023-05-31T16:42:24 IST" duration-ms="5898" status="PASS">
          <params>
            <param index="0">
              <value>
                <![CDATA[ROW:3]]>
              </value>
            </param>
            <param index="1">
              <value>
                <![CDATA[fetchFeaturedRaffles by giving invalid endpoint]]>
              </value>
            </param>
            <param index="2">
              <value>
                <![CDATA[POST]]>
              </value>
            </param>
            <param index="3">
              <value>
                <![CDATA[/v2/fetchFeaturedRaff]]>
              </value>
            </param>
            <param index="4">
              <value>
                <![CDATA[{}]]>
              </value>
            </param>
            <param index="5">
              <value>
                <![CDATA[403.0]]>
              </value>
            </param>
            <param index="6">
              <value>
                <![CDATA[{"message":"Authorization header requires 'Credential' parameter. Authorization header requires 'Signature' parameter. Authorization header requires 'SignedHeaders' parameter. ]]>
              </value>
            </param>
          </params>
          <reporter-output>
          </reporter-output>
        </test-method> <!-- RestApiLoginValidations -->
        <test-method is-config="true" signature="afterMethod()[pri:0, instance:com.Raffloux.ApiTest.RafflouxApiTestClass@724f138e]" started-at="2023-05-31T16:42:24 IST" name="afterMethod" finished-at="2023-05-31T16:42:24 IST" duration-ms="52" status="PASS">
          <reporter-output>
          </reporter-output>
        </test-method> <!-- afterMethod -->
        <test-method is-config="true" signature="beforeMethod()[pri:0, instance:com.Raffloux.ApiTest.RafflouxApiTestClass@724f138e]" started-at="2023-05-31T16:42:24 IST" name="beforeMethod" finished-at="2023-05-31T16:42:24 IST" duration-ms="2" status="PASS">
          <reporter-output>
          </reporter-output>
        </test-method> <!-- beforeMethod -->
        <test-method signature="RestApiLoginValidations(java.lang.String,java.lang.String,java.lang.String,java.lang.String,java.lang.String,double,java.lang.String)[pri:2, instance:com.Raffloux.ApiTest.RafflouxApiTestClass@724f138e]" started-at="2023-05-31T16:42:24 IST" name="RestApiLoginValidations" data-provider="FunctSheet" finished-at="2023-05-31T16:42:30 IST" duration-ms="5846" status="PASS">
          <params>
            <param index="0">
              <value>
                <![CDATA[ROW:4]]>
              </value>
            </param>
            <param index="1">
              <value>
                <![CDATA[fetchFeaturedRaffles by giving  wrong payload]]>
              </value>
            </param>
            <param index="2">
              <value>
                <![CDATA[POST]]>
              </value>
            </param>
            <param index="3">
              <value>
                <![CDATA[/v1/fetchFeaturedRaffles]]>
              </value>
            </param>
            <param index="4">
              <value>
                <![CDATA[{"idwrwer":"123"}]]>
              </value>
            </param>
            <param index="5">
              <value>
                <![CDATA[200.0]]>
              </value>
            </param>
            <param index="6">
              <value>
                <![CDATA[[{"id":8197,"RaffleCode":3909,"QuantityOfItems":1,"MainImageUrl":"media23/rafNinjaBBQ_main.webp","Summary":".","Description":"Win an Ninja Woodfire Electric BBQ!\r\n
]]>
              </value>
            </param>
          </params>
          <reporter-output>
          </reporter-output>
        </test-method> <!-- RestApiLoginValidations -->
        <test-method is-config="true" signature="afterMethod()[pri:0, instance:com.Raffloux.ApiTest.RafflouxApiTestClass@724f138e]" started-at="2023-05-31T16:42:30 IST" name="afterMethod" finished-at="2023-05-31T16:42:30 IST" duration-ms="88" status="PASS">
          <reporter-output>
          </reporter-output>
        </test-method> <!-- afterMethod -->
        <test-method is-config="true" signature="beforeMethod()[pri:0, instance:com.Raffloux.ApiTest.RafflouxApiTestClass@724f138e]" started-at="2023-05-31T16:42:30 IST" name="beforeMethod" finished-at="2023-05-31T16:42:30 IST" duration-ms="16" status="PASS">
          <reporter-output>
          </reporter-output>
        </test-method> <!-- beforeMethod -->
        <test-method signature="RestApiLoginValidations(java.lang.String,java.lang.String,java.lang.String,java.lang.String,java.lang.String,double,java.lang.String)[pri:2, instance:com.Raffloux.ApiTest.RafflouxApiTestClass@724f138e]" started-at="2023-05-31T16:42:30 IST" name="RestApiLoginValidations" data-provider="FunctSheet" finished-at="2023-05-31T16:42:36 IST" duration-ms="6058" status="PASS">
          <params>
            <param index="0">
              <value>
                <![CDATA[ROW:5]]>
              </value>
            </param>
            <param index="1">
              <value>
                <![CDATA[Featured Raffles With Login by giving valid data]]>
              </value>
            </param>
            <param index="2">
              <value>
                <![CDATA[POST]]>
              </value>
            </param>
            <param index="3">
              <value>
                <![CDATA[/v1/fetchFeaturedRafflesWithLogin]]>
              </value>
            </param>
            <param index="4">
              <value>
                <![CDATA[{}]]>
              </value>
            </param>
            <param index="5">
              <value>
                <![CDATA[200.0]]>
              </value>
            </param>
            <param index="6">
              <value>
                <![CDATA[[{"id":8197,"RaffleCode":3909,"QuantityOfItems":1,"MainImageUrl":"media23/rafNinjaBBQ_main.webp","Summary":".","Description":"Win an Ninja Woodfire Electric BBQ!\r\n
]]>
              </value>
            </param>
          </params>
          <reporter-output>
          </reporter-output>
        </test-method> <!-- RestApiLoginValidations -->
        <test-method is-config="true" signature="afterMethod()[pri:0, instance:com.Raffloux.ApiTest.RafflouxApiTestClass@724f138e]" started-at="2023-05-31T16:42:36 IST" name="afterMethod" finished-at="2023-05-31T16:42:36 IST" duration-ms="33" status="PASS">
          <reporter-output>
          </reporter-output>
        </test-method> <!-- afterMethod -->
        <test-method is-config="true" signature="beforeMethod()[pri:0, instance:com.Raffloux.ApiTest.RafflouxApiTestClass@724f138e]" started-at="2023-05-31T16:42:36 IST" name="beforeMethod" finished-at="2023-05-31T16:42:36 IST" duration-ms="2" status="PASS">
          <reporter-output>
          </reporter-output>
        </test-method> <!-- beforeMethod -->
        <test-method signature="RestApiLoginValidations(java.lang.String,java.lang.String,java.lang.String,java.lang.String,java.lang.String,double,java.lang.String)[pri:2, instance:com.Raffloux.ApiTest.RafflouxApiTestClass@724f138e]" started-at="2023-05-31T16:42:36 IST" name="RestApiLoginValidations" data-provider="FunctSheet" finished-at="2023-05-31T16:42:42 IST" duration-ms="5777" status="PASS">
          <params>
            <param index="0">
              <value>
                <![CDATA[ROW:6]]>
              </value>
            </param>
            <param index="1">
              <value>
                <![CDATA[ fetchFeaturedRafflesWithLogin by giving invalid endpoint]]>
              </value>
            </param>
            <param index="2">
              <value>
                <![CDATA[POST]]>
              </value>
            </param>
            <param index="3">
              <value>
                <![CDATA[/v2/fetchFeaturedRafflessL]]>
              </value>
            </param>
            <param index="4">
              <value>
                <![CDATA[{}]]>
              </value>
            </param>
            <param index="5">
              <value>
                <![CDATA[403.0]]>
              </value>
            </param>
            <param index="6">
              <value>
                <![CDATA[{"message":"Authorization header requires 'Credential' parameter. Authorization header requires 'Signature' parameter. Authorization header requires 'SignedHeaders' parameter. ]]>
              </value>
            </param>
          </params>
          <reporter-output>
          </reporter-output>
        </test-method> <!-- RestApiLoginValidations -->
        <test-method is-config="true" signature="afterMethod()[pri:0, instance:com.Raffloux.ApiTest.RafflouxApiTestClass@724f138e]" started-at="2023-05-31T16:42:42 IST" name="afterMethod" finished-at="2023-05-31T16:42:42 IST" duration-ms="39" status="PASS">
          <reporter-output>
          </reporter-output>
        </test-method> <!-- afterMethod -->
        <test-method is-config="true" signature="beforeMethod()[pri:0, instance:com.Raffloux.ApiTest.RafflouxApiTestClass@724f138e]" started-at="2023-05-31T16:42:42 IST" name="beforeMethod" finished-at="2023-05-31T16:42:42 IST" duration-ms="1" status="PASS">
          <reporter-output>
          </reporter-output>
        </test-method> <!-- beforeMethod -->
        <test-method signature="RestApiLoginValidations(java.lang.String,java.lang.String,java.lang.String,java.lang.String,java.lang.String,double,java.lang.String)[pri:2, instance:com.Raffloux.ApiTest.RafflouxApiTestClass@724f138e]" started-at="2023-05-31T16:42:42 IST" name="RestApiLoginValidations" data-provider="FunctSheet" finished-at="2023-05-31T16:42:48 IST" duration-ms="5824" status="PASS">
          <params>
            <param index="0">
              <value>
                <![CDATA[ROW:7]]>
              </value>
            </param>
            <param index="1">
              <value>
                <![CDATA[fetchFeaturedRafflesWithLogin by giving  wrong payload]]>
              </value>
            </param>
            <param index="2">
              <value>
                <![CDATA[POST]]>
              </value>
            </param>
            <param index="3">
              <value>
                <![CDATA[/v1/fetchFeaturedRafflesWithLogin]]>
              </value>
            </param>
            <param index="4">
              <value>
                <![CDATA[{"idwe":"123"}]]>
              </value>
            </param>
            <param index="5">
              <value>
                <![CDATA[200.0]]>
              </value>
            </param>
            <param index="6">
              <value>
                <![CDATA[[{"id":8197,"RaffleCode":3909,"QuantityOfItems":1,"MainImageUrl":"media23/rafNinjaBBQ_main.webp","Summary":".","Description":"Win an Ninja Woodfire Electric BBQ!\r\n
]]>
              </value>
            </param>
          </params>
          <reporter-output>
          </reporter-output>
        </test-method> <!-- RestApiLoginValidations -->
        <test-method is-config="true" signature="afterMethod()[pri:0, instance:com.Raffloux.ApiTest.RafflouxApiTestClass@724f138e]" started-at="2023-05-31T16:42:48 IST" name="afterMethod" finished-at="2023-05-31T16:42:48 IST" duration-ms="37" status="PASS">
          <reporter-output>
          </reporter-output>
        </test-method> <!-- afterMethod -->
        <test-method signature="RestApiLoginValidations(java.lang.String,java.lang.String,java.lang.String,java.lang.String,java.lang.String,double,java.lang.String)[pri:2, instance:com.Raffloux.ApiTest.RafflouxApiTestClass@724f138e]" started-at="2023-05-31T16:42:48 IST" name="RestApiLoginValidations" data-provider="FunctSheet" finished-at="2023-05-31T16:42:54 IST" duration-ms="6273" status="PASS">
          <params>
            <param index="0">
              <value>
                <![CDATA[ROW:8]]>
              </value>
            </param>
            <param index="1">
              <value>
                <![CDATA[All Raffles by giving valid data]]>
              </value>
            </param>
            <param index="2">
              <value>
                <![CDATA[POST]]>
              </value>
            </param>
            <param index="3">
              <value>
                <![CDATA[/v1/fetchAllRaffles]]>
              </value>
            </param>
            <param index="4">
              <value>
                <![CDATA[{}]]>
              </value>
            </param>
            <param index="5">
              <value>
                <![CDATA[200.0]]>
              </value>
            </param>
            <param index="6">
              <value>
                <![CDATA[[{"id":8197,"RaffleCode":3909,"QuantityOfItems":1,"MainImageUrl":"media23/rafNinjaBBQ_main.webp","Summary":".","Description":"Win an Ninja Woodfire Electric BBQ!\r\n
]]>
              </value>
            </param>
          </params>
          <reporter-output>
          </reporter-output>
        </test-method> <!-- RestApiLoginValidations -->
        <test-method is-config="true" signature="beforeMethod()[pri:0, instance:com.Raffloux.ApiTest.RafflouxApiTestClass@724f138e]" started-at="2023-05-31T16:42:48 IST" name="beforeMethod" finished-at="2023-05-31T16:42:48 IST" duration-ms="0" status="PASS">
          <reporter-output>
          </reporter-output>
        </test-method> <!-- beforeMethod -->
        <test-method is-config="true" signature="afterMethod()[pri:0, instance:com.Raffloux.ApiTest.RafflouxApiTestClass@724f138e]" started-at="2023-05-31T16:42:54 IST" name="afterMethod" finished-at="2023-05-31T16:42:54 IST" duration-ms="40" status="PASS">
          <reporter-output>
          </reporter-output>
        </test-method> <!-- afterMethod -->
        <test-method signature="RestApiLoginValidations(java.lang.String,java.lang.String,java.lang.String,java.lang.String,java.lang.String,double,java.lang.String)[pri:2, instance:com.Raffloux.ApiTest.RafflouxApiTestClass@724f138e]" started-at="2023-05-31T16:42:54 IST" name="RestApiLoginValidations" data-provider="FunctSheet" finished-at="2023-05-31T16:43:00 IST" duration-ms="5676" status="PASS">
          <params>
            <param index="0">
              <value>
                <![CDATA[ROW:9]]>
              </value>
            </param>
            <param index="1">
              <value>
                <![CDATA[fetchAllRaffles by giving invalid endpoint]]>
              </value>
            </param>
            <param index="2">
              <value>
                <![CDATA[POST]]>
              </value>
            </param>
            <param index="3">
              <value>
                <![CDATA[/v2/fetchFeaturedRafflessL]]>
              </value>
            </param>
            <param index="4">
              <value>
                <![CDATA[{}]]>
              </value>
            </param>
            <param index="5">
              <value>
                <![CDATA[403.0]]>
              </value>
            </param>
            <param index="6">
              <value>
                <![CDATA[{"message":"Authorization header requires 'Credential' parameter. Authorization header requires 'Signature' parameter. Authorization header requires 'SignedHeaders' parameter. ]]>
              </value>
            </param>
          </params>
          <reporter-output>
          </reporter-output>
        </test-method> <!-- RestApiLoginValidations -->
        <test-method is-config="true" signature="beforeMethod()[pri:0, instance:com.Raffloux.ApiTest.RafflouxApiTestClass@724f138e]" started-at="2023-05-31T16:42:54 IST" name="beforeMethod" finished-at="2023-05-31T16:42:54 IST" duration-ms="0" status="PASS">
          <reporter-output>
          </reporter-output>
        </test-method> <!-- beforeMethod -->
        <test-method is-config="true" signature="afterMethod()[pri:0, instance:com.Raffloux.ApiTest.RafflouxApiTestClass@724f138e]" started-at="2023-05-31T16:43:00 IST" name="afterMethod" finished-at="2023-05-31T16:43:00 IST" duration-ms="47" status="PASS">
          <reporter-output>
          </reporter-output>
        </test-method> <!-- afterMethod -->
        <test-method is-config="true" signature="beforeMethod()[pri:0, instance:com.Raffloux.ApiTest.RafflouxApiTestClass@724f138e]" started-at="2023-05-31T16:43:00 IST" name="beforeMethod" finished-at="2023-05-31T16:43:00 IST" duration-ms="1" status="PASS">
          <reporter-output>
          </reporter-output>
        </test-method> <!-- beforeMethod -->
        <test-method signature="RestApiLoginValidations(java.lang.String,java.lang.String,java.lang.String,java.lang.String,java.lang.String,double,java.lang.String)[pri:2, instance:com.Raffloux.ApiTest.RafflouxApiTestClass@724f138e]" started-at="2023-05-31T16:43:00 IST" name="RestApiLoginValidations" data-provider="FunctSheet" finished-at="2023-05-31T16:43:06 IST" duration-ms="5949" status="PASS">
          <params>
            <param index="0">
              <value>
                <![CDATA[ROW:10]]>
              </value>
            </param>
            <param index="1">
              <value>
                <![CDATA[fetchAllRaffles by giving  wrong payload]]>
              </value>
            </param>
            <param index="2">
              <value>
                <![CDATA[POST]]>
              </value>
            </param>
            <param index="3">
              <value>
                <![CDATA[/v1/fetchAllRaffles]]>
              </value>
            </param>
            <param index="4">
              <value>
                <![CDATA[{"idwe":"123"}]]>
              </value>
            </param>
            <param index="5">
              <value>
                <![CDATA[200.0]]>
              </value>
            </param>
            <param index="6">
              <value>
                <![CDATA[[{"id":8197,"RaffleCode":3909,"QuantityOfItems":1,"MainImageUrl":"media23/rafNinjaBBQ_main.webp","Summary":".","Description":"Win an Ninja Woodfire Electric BBQ!\r\n
]]>
              </value>
            </param>
          </params>
          <reporter-output>
          </reporter-output>
        </test-method> <!-- RestApiLoginValidations -->
        <test-method is-config="true" signature="afterMethod()[pri:0, instance:com.Raffloux.ApiTest.RafflouxApiTestClass@724f138e]" started-at="2023-05-31T16:43:06 IST" name="afterMethod" finished-at="2023-05-31T16:43:06 IST" duration-ms="37" status="PASS">
          <reporter-output>
          </reporter-output>
        </test-method> <!-- afterMethod -->
        <test-method is-config="true" signature="beforeMethod()[pri:0, instance:com.Raffloux.ApiTest.RafflouxApiTestClass@724f138e]" started-at="2023-05-31T16:43:06 IST" name="beforeMethod" finished-at="2023-05-31T16:43:06 IST" duration-ms="1" status="PASS">
          <reporter-output>
          </reporter-output>
        </test-method> <!-- beforeMethod -->
        <test-method signature="RestApiLoginValidations(java.lang.String,java.lang.String,java.lang.String,java.lang.String,java.lang.String,double,java.lang.String)[pri:2, instance:com.Raffloux.ApiTest.RafflouxApiTestClass@724f138e]" started-at="2023-05-31T16:43:06 IST" name="RestApiLoginValidations" data-provider="FunctSheet" finished-at="2023-05-31T16:43:12 IST" duration-ms="6098" status="PASS">
          <params>
            <param index="0">
              <value>
                <![CDATA[ROW:11]]>
              </value>
            </param>
            <param index="1">
              <value>
                <![CDATA[All Raffles With Login]]>
              </value>
            </param>
            <param index="2">
              <value>
                <![CDATA[POST]]>
              </value>
            </param>
            <param index="3">
              <value>
                <![CDATA[/v1/fetchAllRafflesWithLogin]]>
              </value>
            </param>
            <param index="4">
              <value>
                <![CDATA[{}]]>
              </value>
            </param>
            <param index="5">
              <value>
                <![CDATA[200.0]]>
              </value>
            </param>
            <param index="6">
              <value>
                <![CDATA[[{"id":8197,"RaffleCode":3909,"QuantityOfItems":1,"MainImageUrl":"media23/rafNinjaBBQ_main.webp","Summary":".","Description":"Win an Ninja Woodfire Electric BBQ!\r\n
]]>
              </value>
            </param>
          </params>
          <reporter-output>
          </reporter-output>
        </test-method> <!-- RestApiLoginValidations -->
        <test-method is-config="true" signature="afterMethod()[pri:0, instance:com.Raffloux.ApiTest.RafflouxApiTestClass@724f138e]" started-at="2023-05-31T16:43:12 IST" name="afterMethod" finished-at="2023-05-31T16:43:12 IST" duration-ms="93" status="PASS">
          <reporter-output>
          </reporter-output>
        </test-method> <!-- afterMethod -->
        <test-method signature="RestApiLoginValidations(java.lang.String,java.lang.String,java.lang.String,java.lang.String,java.lang.String,double,java.lang.String)[pri:2, instance:com.Raffloux.ApiTest.RafflouxApiTestClass@724f138e]" started-at="2023-05-31T16:43:12 IST" name="RestApiLoginValidations" data-provider="FunctSheet" finished-at="2023-05-31T16:43:17 IST" duration-ms="5679" status="PASS">
          <params>
            <param index="0">
              <value>
                <![CDATA[ROW:12]]>
              </value>
            </param>
            <param index="1">
              <value>
                <![CDATA[fetchAllRaffles With Login by giving invalid endpoint]]>
              </value>
            </param>
            <param index="2">
              <value>
                <![CDATA[POST]]>
              </value>
            </param>
            <param index="3">
              <value>
                <![CDATA[/v2/fetchFeaturedRafflessL]]>
              </value>
            </param>
            <param index="4">
              <value>
                <![CDATA[{}]]>
              </value>
            </param>
            <param index="5">
              <value>
                <![CDATA[403.0]]>
              </value>
            </param>
            <param index="6">
              <value>
                <![CDATA[{"message":"Authorization header requires 'Credential' parameter. Authorization header requires 'Signature' parameter. Authorization header requires 'SignedHeaders' parameter. ]]>
              </value>
            </param>
          </params>
          <reporter-output>
          </reporter-output>
        </test-method> <!-- RestApiLoginValidations -->
        <test-method is-config="true" signature="beforeMethod()[pri:0, instance:com.Raffloux.ApiTest.RafflouxApiTestClass@724f138e]" started-at="2023-05-31T16:43:12 IST" name="beforeMethod" finished-at="2023-05-31T16:43:12 IST" duration-ms="0" status="PASS">
          <reporter-output>
          </reporter-output>
        </test-method> <!-- beforeMethod -->
        <test-method is-config="true" signature="afterMethod()[pri:0, instance:com.Raffloux.ApiTest.RafflouxApiTestClass@724f138e]" started-at="2023-05-31T16:43:17 IST" name="afterMethod" finished-at="2023-05-31T16:43:18 IST" duration-ms="41" status="PASS">
          <reporter-output>
          </reporter-output>
        </test-method> <!-- afterMethod -->
        <test-method is-config="true" signature="beforeMethod()[pri:0, instance:com.Raffloux.ApiTest.RafflouxApiTestClass@724f138e]" started-at="2023-05-31T16:43:18 IST" name="beforeMethod" finished-at="2023-05-31T16:43:18 IST" duration-ms="2" status="PASS">
          <reporter-output>
          </reporter-output>
        </test-method> <!-- beforeMethod -->
        <test-method signature="RestApiLoginValidations(java.lang.String,java.lang.String,java.lang.String,java.lang.String,java.lang.String,double,java.lang.String)[pri:2, instance:com.Raffloux.ApiTest.RafflouxApiTestClass@724f138e]" started-at="2023-05-31T16:43:18 IST" name="RestApiLoginValidations" data-provider="FunctSheet" finished-at="2023-05-31T16:43:23 IST" duration-ms="5966" status="PASS">
          <params>
            <param index="0">
              <value>
                <![CDATA[ROW:13]]>
              </value>
            </param>
            <param index="1">
              <value>
                <![CDATA[fetchAllRaffles With Login  by giving  wrong payload]]>
              </value>
            </param>
            <param index="2">
              <value>
                <![CDATA[POST]]>
              </value>
            </param>
            <param index="3">
              <value>
                <![CDATA[/v1/fetchAllRafflesWithLogin]]>
              </value>
            </param>
            <param index="4">
              <value>
                <![CDATA[{"idwe":"123"}]]>
              </value>
            </param>
            <param index="5">
              <value>
                <![CDATA[200.0]]>
              </value>
            </param>
            <param index="6">
              <value>
                <![CDATA[:[{"id":8197,"RaffleCode":3909,"QuantityOfItems":1,"MainImageUrl":"media23/rafNinjaBBQ_main.webp","Summary":".","Description":"Win an Ninja Woodfire Electric BBQ!\r\n

]]>
              </value>
            </param>
          </params>
          <reporter-output>
          </reporter-output>
        </test-method> <!-- RestApiLoginValidations -->
        <test-method is-config="true" signature="afterMethod()[pri:0, instance:com.Raffloux.ApiTest.RafflouxApiTestClass@724f138e]" started-at="2023-05-31T16:43:23 IST" name="afterMethod" finished-at="2023-05-31T16:43:24 IST" duration-ms="32" status="PASS">
          <reporter-output>
          </reporter-output>
        </test-method> <!-- afterMethod -->
        <test-method is-config="true" signature="beforeMethod()[pri:0, instance:com.Raffloux.ApiTest.RafflouxApiTestClass@724f138e]" started-at="2023-05-31T16:43:24 IST" name="beforeMethod" finished-at="2023-05-31T16:43:24 IST" duration-ms="1" status="PASS">
          <reporter-output>
          </reporter-output>
        </test-method> <!-- beforeMethod -->
        <test-method signature="RestApiLoginValidations(java.lang.String,java.lang.String,java.lang.String,java.lang.String,java.lang.String,double,java.lang.String)[pri:2, instance:com.Raffloux.ApiTest.RafflouxApiTestClass@724f138e]" started-at="2023-05-31T16:43:24 IST" name="RestApiLoginValidations" data-provider="FunctSheet" finished-at="2023-05-31T16:43:29 IST" duration-ms="5789" status="PASS">
          <params>
            <param index="0">
              <value>
                <![CDATA[ROW:14]]>
              </value>
            </param>
            <param index="1">
              <value>
                <![CDATA[getRafflePageData by giving valid data]]>
              </value>
            </param>
            <param index="2">
              <value>
                <![CDATA[POST]]>
              </value>
            </param>
            <param index="3">
              <value>
                <![CDATA[/v1/getRafflePageData]]>
              </value>
            </param>
            <param index="4">
              <value>
                <![CDATA[{
    "raffleCode": "3874"
}]]>
              </value>
            </param>
            <param index="5">
              <value>
                <![CDATA[200.0]]>
              </value>
            </param>
            <param index="6">
              <value>
                <![CDATA[:[{"id":8197,"RaffleCode":3909,"QuantityOfItems":1,"MainImageUrl":"media23/rafNinjaBBQ_main.webp","Summary":".","Description":"Win an Ninja Woodfire Electric BBQ!\r\n

]]>
              </value>
            </param>
          </params>
          <reporter-output>
          </reporter-output>
        </test-method> <!-- RestApiLoginValidations -->
        <test-method is-config="true" signature="afterMethod()[pri:0, instance:com.Raffloux.ApiTest.RafflouxApiTestClass@724f138e]" started-at="2023-05-31T16:43:29 IST" name="afterMethod" finished-at="2023-05-31T16:43:29 IST" duration-ms="73" status="PASS">
          <reporter-output>
          </reporter-output>
        </test-method> <!-- afterMethod -->
        <test-method signature="RestApiLoginValidations(java.lang.String,java.lang.String,java.lang.String,java.lang.String,java.lang.String,double,java.lang.String)[pri:2, instance:com.Raffloux.ApiTest.RafflouxApiTestClass@724f138e]" started-at="2023-05-31T16:43:29 IST" name="RestApiLoginValidations" data-provider="FunctSheet" finished-at="2023-05-31T16:43:35 IST" duration-ms="5495" status="PASS">
          <params>
            <param index="0">
              <value>
                <![CDATA[ROW:15]]>
              </value>
            </param>
            <param index="1">
              <value>
                <![CDATA[getRafflePageData fetchAllRaffles With Login by giving invalid endpoint]]>
              </value>
            </param>
            <param index="2">
              <value>
                <![CDATA[POST]]>
              </value>
            </param>
            <param index="3">
              <value>
                <![CDATA[/v1/getRaffePageD]]>
              </value>
            </param>
            <param index="4">
              <value>
                <![CDATA[{
    "raffleCode": "3874"
}]]>
              </value>
            </param>
            <param index="5">
              <value>
                <![CDATA[403.0]]>
              </value>
            </param>
            <param index="6">
              <value>
                <![CDATA[{"message":"Authorization header requires 'Credential' parameter. Authorization header requires 'Signature' parameter. Authorization header requires 'SignedHeaders' parameter. ]]>
              </value>
            </param>
          </params>
          <reporter-output>
          </reporter-output>
        </test-method> <!-- RestApiLoginValidations -->
        <test-method is-config="true" signature="beforeMethod()[pri:0, instance:com.Raffloux.ApiTest.RafflouxApiTestClass@724f138e]" started-at="2023-05-31T16:43:29 IST" name="beforeMethod" finished-at="2023-05-31T16:43:29 IST" duration-ms="0" status="PASS">
          <reporter-output>
          </reporter-output>
        </test-method> <!-- beforeMethod -->
        <test-method is-config="true" signature="afterMethod()[pri:0, instance:com.Raffloux.ApiTest.RafflouxApiTestClass@724f138e]" started-at="2023-05-31T16:43:35 IST" name="afterMethod" finished-at="2023-05-31T16:43:35 IST" duration-ms="54" status="PASS">
          <reporter-output>
          </reporter-output>
        </test-method> <!-- afterMethod -->
        <test-method is-config="true" signature="beforeMethod()[pri:0, instance:com.Raffloux.ApiTest.RafflouxApiTestClass@724f138e]" started-at="2023-05-31T16:43:35 IST" name="beforeMethod" finished-at="2023-05-31T16:43:35 IST" duration-ms="1" status="PASS">
          <reporter-output>
          </reporter-output>
        </test-method> <!-- beforeMethod -->
        <test-method signature="RestApiLoginValidations(java.lang.String,java.lang.String,java.lang.String,java.lang.String,java.lang.String,double,java.lang.String)[pri:2, instance:com.Raffloux.ApiTest.RafflouxApiTestClass@724f138e]" started-at="2023-05-31T16:43:35 IST" name="RestApiLoginValidations" data-provider="FunctSheet" finished-at="2023-05-31T16:43:41 IST" duration-ms="5590" status="PASS">
          <params>
            <param index="0">
              <value>
                <![CDATA[ROW:16]]>
              </value>
            </param>
            <param index="1">
              <value>
                <![CDATA[get Raffles With Login  by giving  wrong payload]]>
              </value>
            </param>
            <param index="2">
              <value>
                <![CDATA[POST]]>
              </value>
            </param>
            <param index="3">
              <value>
                <![CDATA[/v1/getRafflePageData]]>
              </value>
            </param>
            <param index="4">
              <value>
                <![CDATA[{
    "raffl": "3874"
}]]>
              </value>
            </param>
            <param index="5">
              <value>
                <![CDATA[400.0]]>
              </value>
            </param>
            <param index="6">
              <value>
                <![CDATA[Invalid Request]]>
              </value>
            </param>
          </params>
          <reporter-output>
          </reporter-output>
        </test-method> <!-- RestApiLoginValidations -->
        <test-method is-config="true" signature="afterMethod()[pri:0, instance:com.Raffloux.ApiTest.RafflouxApiTestClass@724f138e]" started-at="2023-05-31T16:43:41 IST" name="afterMethod" finished-at="2023-05-31T16:43:41 IST" duration-ms="68" status="PASS">
          <reporter-output>
          </reporter-output>
        </test-method> <!-- afterMethod -->
        <test-method is-config="true" signature="beforeMethod()[pri:0, instance:com.Raffloux.ApiTest.RafflouxApiTestClass@724f138e]" started-at="2023-05-31T16:43:41 IST" name="beforeMethod" finished-at="2023-05-31T16:43:41 IST" duration-ms="0" status="PASS">
          <reporter-output>
          </reporter-output>
        </test-method> <!-- beforeMethod -->
        <test-method signature="RestApiLoginValidations(java.lang.String,java.lang.String,java.lang.String,java.lang.String,java.lang.String,double,java.lang.String)[pri:2, instance:com.Raffloux.ApiTest.RafflouxApiTestClass@724f138e]" started-at="2023-05-31T16:43:41 IST" name="RestApiLoginValidations" data-provider="FunctSheet" finished-at="2023-05-31T16:43:46 IST" duration-ms="5627" status="PASS">
          <params>
            <param index="0">
              <value>
                <![CDATA[ROW:17]]>
              </value>
            </param>
            <param index="1">
              <value>
                <![CDATA[getRafflePageDataWithLogin]]>
              </value>
            </param>
            <param index="2">
              <value>
                <![CDATA[POST]]>
              </value>
            </param>
            <param index="3">
              <value>
                <![CDATA[/v1/getRafflePageDataWithLogin]]>
              </value>
            </param>
            <param index="4">
              <value>
                <![CDATA[{
    "raffleCode": "3874"
}]]>
              </value>
            </param>
            <param index="5">
              <value>
                <![CDATA[200.0]]>
              </value>
            </param>
            <param index="6">
              <value>
                <![CDATA[:[{"id":8197,"RaffleCode":3909,"QuantityOfItems":1,"MainImageUrl":"media23/rafNinjaBBQ_main.webp","Summary":".","Description":"Win an Ninja Woodfire Electric BBQ!\r\n

]]>
              </value>
            </param>
          </params>
          <reporter-output>
          </reporter-output>
        </test-method> <!-- RestApiLoginValidations -->
        <test-method is-config="true" signature="afterMethod()[pri:0, instance:com.Raffloux.ApiTest.RafflouxApiTestClass@724f138e]" started-at="2023-05-31T16:43:46 IST" name="afterMethod" finished-at="2023-05-31T16:43:46 IST" duration-ms="40" status="PASS">
          <reporter-output>
          </reporter-output>
        </test-method> <!-- afterMethod -->
        <test-method signature="RestApiLoginValidations(java.lang.String,java.lang.String,java.lang.String,java.lang.String,java.lang.String,double,java.lang.String)[pri:2, instance:com.Raffloux.ApiTest.RafflouxApiTestClass@724f138e]" started-at="2023-05-31T16:43:46 IST" name="RestApiLoginValidations" data-provider="FunctSheet" finished-at="2023-05-31T16:43:52 IST" duration-ms="5500" status="PASS">
          <params>
            <param index="0">
              <value>
                <![CDATA[ROW:18]]>
              </value>
            </param>
            <param index="1">
              <value>
                <![CDATA[getRafflePageData fetchAllRaffles With Login by giving invalid endpoint]]>
              </value>
            </param>
            <param index="2">
              <value>
                <![CDATA[POST]]>
              </value>
            </param>
            <param index="3">
              <value>
                <![CDATA[/v1/getRaffePageD]]>
              </value>
            </param>
            <param index="4">
              <value>
                <![CDATA[{
    "raffleCode": "3874"
}]]>
              </value>
            </param>
            <param index="5">
              <value>
                <![CDATA[403.0]]>
              </value>
            </param>
            <param index="6">
              <value>
                <![CDATA[{"message":"Authorization header requires 'Credential' parameter. Authorization header requires 'Signature' parameter. Authorization header requires 'SignedHeaders' parameter. ]]>
              </value>
            </param>
          </params>
          <reporter-output>
          </reporter-output>
        </test-method> <!-- RestApiLoginValidations -->
        <test-method is-config="true" signature="beforeMethod()[pri:0, instance:com.Raffloux.ApiTest.RafflouxApiTestClass@724f138e]" started-at="2023-05-31T16:43:46 IST" name="beforeMethod" finished-at="2023-05-31T16:43:46 IST" duration-ms="0" status="PASS">
          <reporter-output>
          </reporter-output>
        </test-method> <!-- beforeMethod -->
        <test-method is-config="true" signature="afterMethod()[pri:0, instance:com.Raffloux.ApiTest.RafflouxApiTestClass@724f138e]" started-at="2023-05-31T16:43:52 IST" name="afterMethod" finished-at="2023-05-31T16:43:52 IST" duration-ms="45" status="PASS">
          <reporter-output>
          </reporter-output>
        </test-method> <!-- afterMethod -->
        <test-method is-config="true" signature="beforeMethod()[pri:0, instance:com.Raffloux.ApiTest.RafflouxApiTestClass@724f138e]" started-at="2023-05-31T16:43:52 IST" name="beforeMethod" finished-at="2023-05-31T16:43:52 IST" duration-ms="1" status="PASS">
          <reporter-output>
          </reporter-output>
        </test-method> <!-- beforeMethod -->
        <test-method signature="RestApiLoginValidations(java.lang.String,java.lang.String,java.lang.String,java.lang.String,java.lang.String,double,java.lang.String)[pri:2, instance:com.Raffloux.ApiTest.RafflouxApiTestClass@724f138e]" started-at="2023-05-31T16:43:52 IST" name="RestApiLoginValidations" data-provider="FunctSheet" finished-at="2023-05-31T16:43:57 IST" duration-ms="5605" status="PASS">
          <params>
            <param index="0">
              <value>
                <![CDATA[ROW:19]]>
              </value>
            </param>
            <param index="1">
              <value>
                <![CDATA[get Raffles With Login  by giving  wrong payload]]>
              </value>
            </param>
            <param index="2">
              <value>
                <![CDATA[POST]]>
              </value>
            </param>
            <param index="3">
              <value>
                <![CDATA[/v1/getRafflePageDataWithLogin]]>
              </value>
            </param>
            <param index="4">
              <value>
                <![CDATA[{
    "raffl": "3874"
}]]>
              </value>
            </param>
            <param index="5">
              <value>
                <![CDATA[400.0]]>
              </value>
            </param>
            <param index="6">
              <value>
                <![CDATA[Invalid Request]]>
              </value>
            </param>
          </params>
          <reporter-output>
          </reporter-output>
        </test-method> <!-- RestApiLoginValidations -->
        <test-method is-config="true" signature="afterMethod()[pri:0, instance:com.Raffloux.ApiTest.RafflouxApiTestClass@724f138e]" started-at="2023-05-31T16:43:57 IST" name="afterMethod" finished-at="2023-05-31T16:43:57 IST" duration-ms="53" status="PASS">
          <reporter-output>
          </reporter-output>
        </test-method> <!-- afterMethod -->
        <test-method is-config="true" signature="beforeMethod()[pri:0, instance:com.Raffloux.ApiTest.RafflouxApiTestClass@724f138e]" started-at="2023-05-31T16:43:57 IST" name="beforeMethod" finished-at="2023-05-31T16:43:57 IST" duration-ms="1" status="PASS">
          <reporter-output>
          </reporter-output>
        </test-method> <!-- beforeMethod -->
        <test-method signature="RestApiLoginValidations(java.lang.String,java.lang.String,java.lang.String,java.lang.String,java.lang.String,double,java.lang.String)[pri:2, instance:com.Raffloux.ApiTest.RafflouxApiTestClass@724f138e]" started-at="2023-05-31T16:43:57 IST" name="RestApiLoginValidations" data-provider="FunctSheet" finished-at="2023-05-31T16:44:04 IST" duration-ms="6060" status="PASS">
          <params>
            <param index="0">
              <value>
                <![CDATA[ROW:20]]>
              </value>
            </param>
            <param index="1">
              <value>
                <![CDATA[fetchTopPrizes]]>
              </value>
            </param>
            <param index="2">
              <value>
                <![CDATA[POST]]>
              </value>
            </param>
            <param index="3">
              <value>
                <![CDATA[/v1/fetchTopPrizes]]>
              </value>
            </param>
            <param index="4">
              <value>
                <![CDATA[{
    "raffle_id": 8716,
    "topPrCnt": "50"
}]]>
              </value>
            </param>
            <param index="5">
              <value>
                <![CDATA[200.0]]>
              </value>
            </param>
            <param index="6">
              <value>
                <![CDATA[[{"id":655,"created":"2023-03-15T21:27:56.665Z","status":3,"ticket_no_alias":23514,"raffle_id":8716,"user_id":163509,"updated":"2023-03-15T21:27:56.665Z","price":"5000.00","legacy_tkt_nos":null,"instant_win_prize_id":655,"name":"£5,000 Cash","description":"","img_url":"media23/rafMWTH5000.webp","CategoryID_id":35,"cash_alternative":0},{"id":754,"created":"2023-03-15T21:27:57.763Z","status":3,"ticket_no_alias":34761,"raffle_id":8716,"user_id":1694,"updated":"2023-03-15T21:27:57.763Z","price":"2000.00","legacy_tkt_nos":null,"instant_win_prize_id":754,"name":"£2,000 Cash","description":"","img_url":"media23/rafMWTH2000.webp","CategoryID_id":35,"cash_alternative":0},{"id":754,"created":"2023-03-15T21:27:56.361Z","status":3,"ticket_no_alias":21121,"raffle_id":8716,"user_id":163738,"updated":"2023-03-15T21:27:56.361Z","price":"2000.00","legacy_tkt_nos":null,"instant_win_prize_id":754,"name":"£2,000 Cash","description":"","img_url":"media23/rafMWTH2000.webp","CategoryID_id":35,"cash_alternative":0},{"id":149,"created":"2023-03-15T21:27:54.844Z","status":3,"ticket_no_alias":6585,"raffle_id":8716,"user_id":163738,"updated":"2023-03-15T21:27:54.844Z","price":"1000.00","legacy_tkt_nos":null,"instant_win_prize_id":149,"name":"£1,000 Tax Free Cash","description":"","img_url":"media23/rafMWTH1000.webp","CategoryID_id":35,"cash_alternative":0},{"id":149,"created":"2023-03-15T21:27:54.707Z","status":3,"ticket_no_alias":4520,"raffle_id":8716,"user_id":163509,"updated":"2023-03-15T21:27:54.707Z","price":"1000.00","legacy_tkt_nos":null,"instant_win_prize_id":149,"name":"£1,000 Tax Free Cash","description":"","img_url":"media23/rafMWTH1000.webp","CategoryID_id":35,"cash_alternative":0},{"id":149,"created":"2023-03-15T21:27:55.373Z","status":3,"ticket_no_alias":11581,"raffle_id":8716,"user_id":112301,"updated":"2023-03-15T21:27:55.373Z","price":"1000.00","legacy_tkt_nos":null,"instant_win_prize_id":149,"name":"£1,000 Tax Free Cash","description":"","img_url":"media23/rafMWTH1000.webp","CategoryID_id":35,"cash_alternative":0},{"id":149,"created":"2023-03-15T21:27:56.445Z","status":3,"ticket_no_alias":22693,"raffle_id":8716,"user_id":77968,"updated":"2023-03-15T21:27:56.445Z","price":"1000.00","legacy_tkt_nos":null,"instant_win_prize_id":149,"name":"£1,000 Tax Free Cash","description":"","img_url":"media23/rafMWTH1000.webp","CategoryID_id":35,"cash_alternative":0},{"id":149,"created":"2023-03-15T21:27:55.367Z","status":3,"ticket_no_alias":11163,"raffle_id":8716,"user_id":5306,"updated":"2023-03-15T21:27:55.367Z","price":"1000.00","legacy_tkt_nos":null,"instant_win_prize_id":149,"name":"£1,000 Tax Free Cash","description":"","img_url":"media23/rafMWTH1000.webp","CategoryID_id":35,"cash_alternative":0},{"id":149,"created":"2023-03-15T21:27:56.875Z","status":3,"ticket_no_alias":26405,"raffle_id":8716,"user_id":128879,"updated":"2023-03-15T21:27:56.875Z","price":"1000.00","legacy_tkt_nos":null,"instant_win_prize_id":149,"name":"£1,000 Tax Free Cash","description":"","img_url":"media23/rafMWTH1000.webp","CategoryID_id":35,"cash_alternative":0},{"id":149,"created":"2023-03-15T21:27:56.946Z","status":3,"ticket_no_alias":27593,"raffle_id":8716,"user_id":163738,"updated":"2023-03-15T21:27:56.946Z","price":"1000.00","legacy_tkt_nos":null,"instant_win_prize_id":149,"name":"£1,000 Tax Free Cash","description":"","img_url":"media23/rafMWTH1000.webp","CategoryID_id":35,"cash_alternative":0},{"id":149,"created":"2023-03-15T21:27:56.437Z","status":3,"ticket_no_alias":22138,"raffle_id":8716,"user_id":102777,"updated":"2023-03-15T21:27:56.437Z","price":"1000.00","legacy_tkt_nos":null,"instant_win_prize_id":149,"name":"£1,000 Tax Free Cash","description":"","img_url":"media23/rafMWTH1000.webp","CategoryID_id":35,"cash_alternative":0},{"id":149,"created":"2023-03-15T21:27:56.436Z","status":3,"ticket_no_alias":22129,"raffle_id":8716,"user_id":2393,"updated":"2023-03-15T21:27:56.436Z","price":"1000.00","legacy_tkt_nos":null,"instant_win_prize_id":149,"name":"£1,000 Tax Free Cash","description":"","img_url":"media23/rafMWTH1000.webp","CategoryID_id":35,"cash_alternative":0},{"id":149,"created":"2023-03-15T21:27:54.253Z","status":3,"ticket_no_alias":208,"raffle_id":8716,"user_id":121277,"updated":"2023-03-15T21:27:54.253Z","price":"1000.00","legacy_tkt_nos":null,"instant_win_prize_id":149,"name":"£1,000 Tax Free Cash","description":"","img_url":"media23/rafMWTH1000.webp","CategoryID_id":35,"cash_alternative":0},{"id":149,"created":"2023-03-15T21:27:55.080Z","status":3,"ticket_no_alias":7644,"raffle_id":8716,"user_id":28895,"updated":"2023-03-15T21:27:55.080Z","price":"1000.00","legacy_tkt_nos":null,"instant_win_prize_id":149,"name":"£1,000 Tax Free Cash","description":"","img_url":"media23/rafMWTH1000.webp","CategoryID_id":35,"cash_alternative":0},{"id":149,"created":"2023-03-15T21:27:56.225Z","status":3,"ticket_no_alias":19291,"raffle_id":8716,"user_id":124940,"updated":"2023-03-15T21:27:56.225Z","price":"1000.00","legacy_tkt_nos":null,"instant_win_prize_id":149,"name":"£1,000 Tax Free Cash","description":"","img_url":"media23/rafMWTH1000.webp","CategoryID_id":35,"cash_alternative":0},{"id":149,"created":"2023-03-15T21:27:55.661Z","status":3,"ticket_no_alias":13231,"raffle_id":8716,"user_id":99015,"updated":"2023-03-15T21:27:55.661Z","price":"1000.00","legacy_tkt_nos":null,"instant_win_prize_id":149,"name":"£1,000 Tax Free Cash","description":"","img_url":"media23/rafMWTH1000.webp","CategoryID_id":35,"cash_alternative":0},{"id":149,"created":"2023-03-15T21:27:55.729Z","status":3,"ticket_no_alias":14198,"raffle_id":8716,"user_id":149602,"updated":"2023-03-15T21:27:55.729Z","price":"1000.00","legacy_tkt_nos":null,"instant_win_prize_id":149,"name":"£1,000 Tax Free Cash","description":"","img_url":"media23/rafMWTH1000.webp","CategoryID_id":35,"cash_alternative":0},{"id":149,"created":"2023-03-15T21:27:56.360Z","status":3,"ticket_no_alias":21080,"raffle_id":8716,"user_id":165331,"updated":"2023-03-15T21:27:56.360Z","price":"1000.00","legacy_tkt_nos":null,"instant_win_prize_id":149,"name":"£1,000 Tax Free Cash","description":"","img_url":"media23/rafMWTH1000.webp","CategoryID_id":35,"cash_alternative":0},{"id":149,"created":"2023-03-15T21:27:57.823Z","status":3,"ticket_no_alias":35134,"raffle_id":8716,"user_id":145925,"updated":"2023-03-15T21:27:57.823Z","price":"1000.00","legacy_tkt_nos":null,"instant_win_prize_id":149,"name":"£1,000 Tax Free Cash","description":"","img_url":"media23/rafMWTH1000.webp","CategoryID_id":35,"cash_alternative":0},{"id":149,"created":"2023-03-15T21:27:55.072Z","status":3,"ticket_no_alias":7073,"raffle_id":8716,"user_id":163738,"updated":"2023-03-15T21:27:55.072Z","price":"1000.00","legacy_tkt_nos":null,"instant_win_prize_id":149,"name":"£1,000 Tax Free Cash","description":"","img_url":"media23/rafMWTH1000.webp","CategoryID_id":35,"cash_alternative":0},{"id":149,"created":"2023-03-15T21:27:57.760Z","status":3,"ticket_no_alias":34595,"raffle_id":8716,"user_id":124940,"updated":"2023-03-15T21:27:57.760Z","price":"1000.00","legacy_tkt_nos":null,"instant_win_prize_id":149,"name":"£1,000 Tax Free Cash","description":"","img_url":"media23/rafMWTH1000.webp","CategoryID_id":35,"cash_alternative":0},{"id":149,"created":"2023-03-15T21:27:55.222Z","status":3,"ticket_no_alias":9825,"raffle_id":8716,"user_id":19292,"updated":"2023-03-15T21:27:55.222Z","price":"1000.00","legacy_tkt_nos":null,"instant_win_prize_id":149,"name":"£1,000 Tax Free Cash","description":"","img_url":"media23/rafMWTH1000.webp","CategoryID_id":35,"cash_alternative":0},{"id":149,"created":"2023-03-15T21:27:55.595Z","status":3,"ticket_no_alias":12548,"raffle_id":8716,"user_id":116121,"updated":"2023-03-15T21:27:55.595Z","price":"1000.00","legacy_tkt_nos":null,"instant_win_prize_id":149,"name":"£1,000 Tax Free Cash","description":"","img_url":"media23/rafMWTH1000.webp","CategoryID_id":35,"cash_alternative":0},{"id":149,"created":"2023-03-15T21:27:57.893Z","status":3,"ticket_no_alias":36070,"raffle_id":8716,"user_id":82749,"updated":"2023-03-15T21:27:57.893Z","price":"1000.00","legacy_tkt_nos":null,"instant_win_prize_id":149,"name":"£1,000 Tax Free Cash","description":"","img_url":"media23/rafMWTH1000.webp","CategoryID_id":35,"cash_alternative":0},{"id":149,"created":"2023-03-15T21:27:56.873Z","status":3,"ticket_no_alias":26297,"raffle_id":8716,"user_id":138106,"updated":"2023-03-15T21:27:56.873Z","price":"1000.00","legacy_tkt_nos":null,"instant_win_prize_id":149,"name":"£1,000 Tax Free Cash","description":"","img_url":"media23/rafMWTH1000.webp","CategoryID_id":35,"cash_alternative":0},{"id":149,"created":"2023-03-15T21:27:57.255Z","status":3,"ticket_no_alias":29501,"raffle_id":8716,"user_id":19292,"updated":"2023-03-15T21:27:57.255Z","price":"1000.00","legacy_tkt_nos":null,"instant_win_prize_id":149,"name":"£1,000 Tax Free Cash","description":"","img_url":"media23/rafMWTH1000.webp","CategoryID_id":35,"cash_alternative":0},{"id":149,"created":"2023-03-15T21:27:56.365Z","status":3,"ticket_no_alias":21436,"raffle_id":8716,"user_id":112301,"updated":"2023-03-15T21:27:56.365Z","price":"1000.00","legacy_tkt_nos":null,"instant_win_prize_id":149,"name":"£1,000 Tax Free Cash","description":"","img_url":"media23/rafMWTH1000.webp","CategoryID_id":35,"cash_alternative":0},{"id":149,"created":"2023-03-15T21:27:57.686Z","status":3,"ticket_no_alias":33229,"raffle_id":8716,"user_id":37632,"updated":"2023-03-15T21:27:57.686Z","price":"1000.00","legacy_tkt_nos":null,"instant_win_prize_id":149,"name":"£1,000 Tax Free Cash","description":"","img_url":"media23/rafMWTH1000.webp","CategoryID_id":35,"cash_alternative":0},{"id":700,"created":"2023-03-15T21:27:58.289Z","status":3,"ticket_no_alias":39991,"raffle_id":8716,"user_id":155231,"updated":"2023-03-15T21:27:58.289Z","price":"997.44","legacy_tkt_nos":null,"instant_win_prize_id":700,"name":"Holiday to Crete 🇬🇷","description":"","img_url":"IW/crete.webp","CategoryID_id":9,"cash_alternative":0},{"id":259,"created":"2023-03-15T21:27:57.900Z","status":3,"ticket_no_alias":36595,"raffle_id":8716,"user_id":145925,"updated":"2023-03-15T21:27:57.900Z","price":"499.99","legacy_tkt_nos":null,"instant_win_prize_id":259,"name":"Dyson Airwrap","description":"","img_url":"IW/dysonairwrap.webp","CategoryID_id":6,"cash_alternative":0},{"id":244,"created":"2023-03-15T21:27:56.812Z","status":3,"ticket_no_alias":25794,"raffle_id":8716,"user_id":105080,"updated":"2023-03-15T22:19:52.388Z","price":"499.00","legacy_tkt_nos":[],"instant_win_prize_id":244,"name":"New iPad","description":"","img_url":"IW/ipad10thgen.webp","CategoryID_id":6,"cash_alternative":0},{"id":245,"created":"2023-03-15T21:27:58.277Z","status":3,"ticket_no_alias":39152,"raffle_id":8716,"user_id":108826,"updated":"2023-03-15T21:27:58.277Z","price":"400.00","legacy_tkt_nos":null,"instant_win_prize_id":245,"name":"Samsung 50\" TV","description":"","img_url":"IW/officetv.webp","CategoryID_id":6,"cash_alternative":0},{"id":752,"created":"2023-03-15T21:27:55.660Z","status":3,"ticket_no_alias":13168,"raffle_id":8716,"user_id":145925,"updated":"2023-03-15T21:27:55.660Z","price":"389.99","legacy_tkt_nos":null,"instant_win_prize_id":752,"name":"Ninja Woodfire Electric BBQ","description":"","img_url":"IW/ninjawoodfire.webp","CategoryID_id":6,"cash_alternative":0},{"id":187,"created":"2023-03-15T21:27:57.251Z","status":3,"ticket_no_alias":29194,"raffle_id":8716,"user_id":142485,"updated":"2023-03-15T21:27:57.251Z","price":"389.00","legacy_tkt_nos":null,"instant_win_prize_id":187,"name":"PS5 Digital Edition","description":"","img_url":"IW/PS5DigitalEdition.webp","CategoryID_id":6,"cash_alternative":0},{"id":187,"created":"2023-03-15T21:27:54.347Z","status":3,"ticket_no_alias":1675,"raffle_id":8716,"user_id":7188,"updated":"2023-03-15T21:27:54.347Z","price":"389.00","legacy_tkt_nos":null,"instant_win_prize_id":187,"name":"PS5 Digital Edition","description":"","img_url":"IW/PS5DigitalEdition.webp","CategoryID_id":6,"cash_alternative":0},{"id":270,"created":"2023-03-15T21:27:55.737Z","status":3,"ticket_no_alias":14797,"raffle_id":8716,"user_id":124940,"updated":"2023-03-15T21:27:55.737Z","price":"349.00","legacy_tkt_nos":null,"instant_win_prize_id":270,"name":"Steam Deck","description":"","img_url":"IW/steamdeck.webp","CategoryID_id":6,"cash_alternative":0},{"id":257,"created":"2023-03-15T21:27:55.806Z","status":3,"ticket_no_alias":15802,"raffle_id":8716,"user_id":163738,"updated":"2023-03-15T21:27:55.806Z","price":"289.95","legacy_tkt_nos":null,"instant_win_prize_id":257,"name":"Nintendo Switch OLED","description":"","img_url":"IW/oledswitch.webp","CategoryID_id":6,"cash_alternative":0},{"id":709,"created":"2023-03-15T21:27:56.946Z","status":3,"ticket_no_alias":27615,"raffle_id":8716,"user_id":154224,"updated":"2023-03-15T21:27:56.946Z","price":"250.00","legacy_tkt_nos":null,"instant_win_prize_id":709,"name":"Oxford City Break","description":"","img_url":"IW/oxford.webp","CategoryID_id":9,"cash_alternative":0},{"id":751,"created":"2023-03-15T21:27:56.871Z","status":3,"ticket_no_alias":26168,"raffle_id":8716,"user_id":163509,"updated":"2023-03-15T21:27:56.871Z","price":"249.99","legacy_tkt_nos":null,"instant_win_prize_id":751,"name":"Ninja Speedi","description":"","img_url":"IW/ninjaspeedi.webp","CategoryID_id":6,"cash_alternative":0},{"id":144,"created":"2023-03-15T21:27:57.257Z","status":3,"ticket_no_alias":29631,"raffle_id":8716,"user_id":145255,"updated":"2023-03-15T21:27:57.257Z","price":"249.99","legacy_tkt_nos":null,"instant_win_prize_id":144,"name":"Xbox Series S","description":"","img_url":"IW/xboxseriess.webp","CategoryID_id":7,"cash_alternative":0},{"id":753,"created":"2023-03-15T21:27:55.072Z","status":3,"ticket_no_alias":7063,"raffle_id":8716,"user_id":105080,"updated":"2023-03-15T21:27:55.072Z","price":"200.00","legacy_tkt_nos":null,"instant_win_prize_id":753,"name":"£200 Cash","description":"","img_url":"media23/rafMWTH200.webp","CategoryID_id":35,"cash_alternative":0},{"id":753,"created":"2023-03-15T21:27:54.713Z","status":3,"ticket_no_alias":4938,"raffle_id":8716,"user_id":165331,"updated":"2023-03-15T21:27:54.713Z","price":"200.00","legacy_tkt_nos":null,"instant_win_prize_id":753,"name":"£200 Cash","description":"","img_url":"media23/rafMWTH200.webp","CategoryID_id":35,"cash_alternative":0},{"id":753,"created":"2023-03-15T21:27:54.709Z","status":3,"ticket_no_alias":4672,"raffle_id":8716,"user_id":24779,"updated":"2023-03-15T21:27:54.709Z","price":"200.00","legacy_tkt_nos":null,"instant_win_prize_id":753,"name":"£200 Cash","description":"","img_url":"media23/rafMWTH200.webp","CategoryID_id":35,"cash_alternative":0},{"id":753,"created":"2023-03-15T21:27:56.363Z","status":3,"ticket_no_alias":21266,"raffle_id":8716,"user_id":31678,"updated":"2023-03-15T21:27:56.363Z","price":"200.00","legacy_tkt_nos":null,"instant_win_prize_id":753,"name":"£200 Cash","description":"","img_url":"media23/rafMWTH200.webp","CategoryID_id":35,"cash_alternative":0},{"id":753,"created":"2023-03-15T21:27:54.840Z","status":3,"ticket_no_alias":6250,"raffle_id":8716,"user_id":17684,"updated":"2023-03-15T21:27:54.840Z","price":"200.00","legacy_tkt_nos":null,"instant_win_prize_id":753,"name":"£200 Cash","description":"","img_url":"media23/rafMWTH200.webp","CategoryID_id":35,"cash_alternative":0},{"id":753,"created":"2023-03-15T21:27:55.214Z","status":3,"ticket_no_alias":9286,"raffle_id":8716,"user_id":19292,"updated":"2023-03-15T21:27:55.214Z","price":"200.00","legacy_tkt_nos":null,"instant_win_prize_id":753,"name":"£200 Cash","description":"","img_url":"media23/rafMWTH200.webp","CategoryID_id":35,"cash_alternative":0},{"id":753,"created":"2023-03-15T21:27:56.234Z","status":3,"ticket_no_alias":19931,"raffle_id":8716,"user_id":24779,"updated":"2023-03-15T21:27:56.234Z","price":"200.00","legacy_tkt_nos":null,"instant_win_prize_id":753,"name":"£200 Cash","description":"","img_url":"media23/rafMWTH200.webp","CategoryID_id":35,"cash_alternative":0},{"id":753,"created":"2023-03-15T21:27:56.163Z","status":3,"ticket_no_alias":18703,"raffle_id":8716,"user_id":105080,"updated":"2023-03-15T21:27:56.163Z","price":"200.00","legacy_tkt_nos":null,"instant_win_prize_id":753,"name":"£200 Cash","description":"","img_url":"media23/rafMWTH200.webp","CategoryID_id":35,"cash_alternative":0},{"id":753,"created":"2023-03-15T21:27:55.799Z","status":3,"ticket_no_alias":15330,"raffle_id":8716,"user_id":110218,"updated":"2023-03-15T21:27:55.799Z","price":"200.00","legacy_tkt_nos":null,"instant_win_prize_id":753,"name":"£200 Cash","description":"","img_url":"media23/rafMWTH200.webp","CategoryID_id":35,"cash_alternative":0},{"id":753,"created":"2023-03-15T21:27:56.439Z","status":3,"ticket_no_alias":22338,"raffle_id":8716,"user_id":145925,"updated":"2023-03-15T21:27:56.439Z","price":"200.00","legacy_tkt_nos":null,"instant_win_prize_id":753,"name":"£200 Cash","description":"","img_url":"media23/rafMWTH200.webp","CategoryID_id":35,"cash_alternative":0}]
check_circle 9:49:59 AM Assertion passed
check_circle 9:49:59 AM All sheet row datas are executed successfully]]>
              </value>
            </param>
          </params>
          <reporter-output>
          </reporter-output>
        </test-method> <!-- RestApiLoginValidations -->
        <test-method is-config="true" signature="afterMethod()[pri:0, instance:com.Raffloux.ApiTest.RafflouxApiTestClass@724f138e]" started-at="2023-05-31T16:44:04 IST" name="afterMethod" finished-at="2023-05-31T16:44:04 IST" duration-ms="53" status="PASS">
          <reporter-output>
          </reporter-output>
        </test-method> <!-- afterMethod -->
        <test-method is-config="true" signature="beforeMethod()[pri:0, instance:com.Raffloux.ApiTest.RafflouxApiTestClass@724f138e]" started-at="2023-05-31T16:44:04 IST" name="beforeMethod" finished-at="2023-05-31T16:44:04 IST" duration-ms="0" status="PASS">
          <reporter-output>
          </reporter-output>
        </test-method> <!-- beforeMethod -->
        <test-method signature="RestApiLoginValidations(java.lang.String,java.lang.String,java.lang.String,java.lang.String,java.lang.String,double,java.lang.String)[pri:2, instance:com.Raffloux.ApiTest.RafflouxApiTestClass@724f138e]" started-at="2023-05-31T16:44:04 IST" name="RestApiLoginValidations" data-provider="FunctSheet" finished-at="2023-05-31T16:44:09 IST" duration-ms="5581" status="PASS">
          <params>
            <param index="0">
              <value>
                <![CDATA[ROW:21]]>
              </value>
            </param>
            <param index="1">
              <value>
                <![CDATA[fetchTopPrizes by giving invalid endpoint]]>
              </value>
            </param>
            <param index="2">
              <value>
                <![CDATA[POST]]>
              </value>
            </param>
            <param index="3">
              <value>
                <![CDATA[/v1/getRaffePageD]]>
              </value>
            </param>
            <param index="4">
              <value>
                <![CDATA[{
    "raffleCode": "3874"
}]]>
              </value>
            </param>
            <param index="5">
              <value>
                <![CDATA[403.0]]>
              </value>
            </param>
            <param index="6">
              <value>
                <![CDATA[{"message":"Authorization header requires 'Credential' parameter. Authorization header requires 'Signature' parameter. Authorization header requires 'SignedHeaders' parameter. ]]>
              </value>
            </param>
          </params>
          <reporter-output>
          </reporter-output>
        </test-method> <!-- RestApiLoginValidations -->
        <test-method is-config="true" signature="afterMethod()[pri:0, instance:com.Raffloux.ApiTest.RafflouxApiTestClass@724f138e]" started-at="2023-05-31T16:44:09 IST" name="afterMethod" finished-at="2023-05-31T16:44:09 IST" duration-ms="44" status="PASS">
          <reporter-output>
          </reporter-output>
        </test-method> <!-- afterMethod -->
        <test-method is-config="true" signature="beforeMethod()[pri:0, instance:com.Raffloux.ApiTest.RafflouxApiTestClass@724f138e]" started-at="2023-05-31T16:44:09 IST" name="beforeMethod" finished-at="2023-05-31T16:44:09 IST" duration-ms="1" status="PASS">
          <reporter-output>
          </reporter-output>
        </test-method> <!-- beforeMethod -->
        <test-method signature="RestApiLoginValidations(java.lang.String,java.lang.String,java.lang.String,java.lang.String,java.lang.String,double,java.lang.String)[pri:2, instance:com.Raffloux.ApiTest.RafflouxApiTestClass@724f138e]" started-at="2023-05-31T16:44:09 IST" name="RestApiLoginValidations" data-provider="FunctSheet" finished-at="2023-05-31T16:44:15 IST" duration-ms="5613" status="PASS">
          <params>
            <param index="0">
              <value>
                <![CDATA[ROW:22]]>
              </value>
            </param>
            <param index="1">
              <value>
                <![CDATA[fetchTopPrizes Login  by giving  wrong payload]]>
              </value>
            </param>
            <param index="2">
              <value>
                <![CDATA[POST]]>
              </value>
            </param>
            <param index="3">
              <value>
                <![CDATA[/v1/fetchTopPrizes]]>
              </value>
            </param>
            <param index="4">
              <value>
                <![CDATA[{
    "raffl": "3874"
}]]>
              </value>
            </param>
            <param index="5">
              <value>
[...]
          <reporter-output>
          </reporter-output>
        </test-method> <!-- beforeMethod -->
        <test-method signature="RestApiLoginValidations(java.lang.String,java.lang.String,java.lang.String,java.lang.String,java.lang.String,double,java.lang.String)[pri:2, instance:com.Raffloux.ApiTest.RafflouxApiTestClass@724f138e]" started-at="2023-05-31T16:49:30 IST" name="RestApiLoginValidations" data-provider="FunctSheet" finished-at="2023-05-31T16:49:36 IST" duration-ms="5850" status="PASS">
          <params>
            <param index="0">
              <value>
                <![CDATA[ROW:79]]>
              </value>
            </param>
            <param index="1">
              <value>
                <![CDATA[fetchWinnersMonthWithLogin by giving invalid endpoint]]>
              </value>
            </param>
            <param index="2">
              <value>
                <![CDATA[POST]]>
              </value>
            </param>
            <param index="3">
              <value>
                <![CDATA[/v1/getRaffePageD]]>
              </value>
            </param>
            <param index="4">
              <value>
                <![CDATA[{
    "raffleCode": "3874"
}]]>
              </value>
            </param>
            <param index="5">
              <value>
                <![CDATA[403.0]]>
              </value>
            </param>
            <param index="6">
              <value>
                <![CDATA[{"message":"Authorization header requires 'Credential' parameter. Authorization header requires 'Signature' parameter. Authorization header requires 'SignedHeaders' parameter. ]]>
              </value>
            </param>
          </params>
          <reporter-output>
          </reporter-output>
        </test-method> <!-- RestApiLoginValidations -->
        <test-method is-config="true" signature="afterMethod()[pri:0, instance:com.Raffloux.ApiTest.RafflouxApiTestClass@724f138e]" started-at="2023-05-31T16:49:36 IST" name="afterMethod" finished-at="2023-05-31T16:49:36 IST" duration-ms="50" status="PASS">
          <reporter-output>
          </reporter-output>
        </test-method> <!-- afterMethod -->
        <test-method signature="RestApiLoginValidations(java.lang.String,java.lang.String,java.lang.String,java.lang.String,java.lang.String,double,java.lang.String)[pri:2, instance:com.Raffloux.ApiTest.RafflouxApiTestClass@724f138e]" started-at="2023-05-31T16:49:36 IST" name="RestApiLoginValidations" data-provider="FunctSheet" finished-at="2023-05-31T16:49:42 IST" duration-ms="5541" status="PASS">
          <params>
            <param index="0">
              <value>
                <![CDATA[ROW:80]]>
              </value>
            </param>
            <param index="1">
              <value>
                <![CDATA[fetchWinnersMonthWithLogin  by giving  wrong payload]]>
              </value>
            </param>
            <param index="2">
              <value>
                <![CDATA[POST]]>
              </value>
            </param>
            <param index="3">
              <value>
                <![CDATA[/v1/fetchWinnersMonthwiseDataWithLogin]]>
              </value>
            </param>
            <param index="4">
              <value>
                <![CDATA[{
    "raffl": "3874"
}]]>
              </value>
            </param>
            <param index="5">
              <value>
                <![CDATA[400.0]]>
              </value>
            </param>
            <param index="6">
              <value>
                <![CDATA[Invalid Request]]>
              </value>
            </param>
          </params>
          <reporter-output>
          </reporter-output>
        </test-method> <!-- RestApiLoginValidations -->
        <test-method is-config="true" signature="beforeMethod()[pri:0, instance:com.Raffloux.ApiTest.RafflouxApiTestClass@724f138e]" started-at="2023-05-31T16:49:36 IST" name="beforeMethod" finished-at="2023-05-31T16:49:36 IST" duration-ms="0" status="PASS">
          <reporter-output>
          </reporter-output>
        </test-method> <!-- beforeMethod -->
        <test-method is-config="true" signature="afterMethod()[pri:0, instance:com.Raffloux.ApiTest.RafflouxApiTestClass@724f138e]" started-at="2023-05-31T16:49:42 IST" name="afterMethod" finished-at="2023-05-31T16:49:42 IST" duration-ms="42" status="PASS">
          <reporter-output>
          </reporter-output>
        </test-method> <!-- afterMethod -->
        <test-method signature="RestApiLoginValidations(java.lang.String,java.lang.String,java.lang.String,java.lang.String,java.lang.String,double,java.lang.String)[pri:2, instance:com.Raffloux.ApiTest.RafflouxApiTestClass@724f138e]" started-at="2023-05-31T16:49:42 IST" name="RestApiLoginValidations" data-provider="FunctSheet" finished-at="2023-05-31T16:49:48 IST" duration-ms="5909" status="PASS">
          <params>
            <param index="0">
              <value>
                <![CDATA[ROW:81]]>
              </value>
            </param>
            <param index="1">
              <value>
                <![CDATA[Winners Datewise Data With Login]]>
              </value>
            </param>
            <param index="2">
              <value>
                <![CDATA[POST]]>
              </value>
            </param>
            <param index="3">
              <value>
                <![CDATA[/v1/fetchWinnersDatewiseDataWithLogin]]>
              </value>
            </param>
            <param index="4">
              <value>
                <![CDATA[{
    "monthCode":5,
    "year":2023
}]]>
              </value>
            </param>
            <param index="5">
              <value>
                <![CDATA[200.0]]>
              </value>
            </param>
            <param index="6">
              <value>
                <![CDATA[[{"date":21,"data":[{"id":9649,"Name":"Angela Cosgrove","TicketNo":440,"Location":"","ImgUrl":"","YouTubeVideoUrl":"","Draw_id":9311,"UserName_id":155572,"Position":1,"isFeatured":false,"created_at":"2023-05-21T21:01:43.539Z","DrawCode":"203845","MainImageUrl":"media23/raf4KBC_main.webp","Title":"£4,000]]>
              </value>
            </param>
          </params>
          <reporter-output>
          </reporter-output>
        </test-method> <!-- RestApiLoginValidations -->
        <test-method is-config="true" signature="beforeMethod()[pri:0, instance:com.Raffloux.ApiTest.RafflouxApiTestClass@724f138e]" started-at="2023-05-31T16:49:42 IST" name="beforeMethod" finished-at="2023-05-31T16:49:42 IST" duration-ms="0" status="PASS">
          <reporter-output>
          </reporter-output>
        </test-method> <!-- beforeMethod -->
        <test-method is-config="true" signature="afterMethod()[pri:0, instance:com.Raffloux.ApiTest.RafflouxApiTestClass@724f138e]" started-at="2023-05-31T16:49:48 IST" name="afterMethod" finished-at="2023-05-31T16:49:48 IST" duration-ms="42" status="PASS">
          <reporter-output>
          </reporter-output>
        </test-method> <!-- afterMethod -->
        <test-method is-config="true" signature="beforeMethod()[pri:0, instance:com.Raffloux.ApiTest.RafflouxApiTestClass@724f138e]" started-at="2023-05-31T16:49:48 IST" name="beforeMethod" finished-at="2023-05-31T16:49:48 IST" duration-ms="1" status="PASS">
          <reporter-output>
          </reporter-output>
        </test-method> <!-- beforeMethod -->
        <test-method signature="RestApiLoginValidations(java.lang.String,java.lang.String,java.lang.String,java.lang.String,java.lang.String,double,java.lang.String)[pri:2, instance:com.Raffloux.ApiTest.RafflouxApiTestClass@724f138e]" started-at="2023-05-31T16:49:48 IST" name="RestApiLoginValidations" data-provider="FunctSheet" finished-at="2023-05-31T16:49:53 IST" duration-ms="5749" status="PASS">
          <params>
            <param index="0">
              <value>
                <![CDATA[ROW:82]]>
              </value>
            </param>
            <param index="1">
              <value>
                <![CDATA[getRafflePageData fetchAllRaffles With Login by giving invalid endpoint]]>
              </value>
            </param>
            <param index="2">
              <value>
                <![CDATA[POST]]>
              </value>
            </param>
            <param index="3">
              <value>
                <![CDATA[/v1/getRaffePageD]]>
              </value>
            </param>
            <param index="4">
              <value>
                <![CDATA[{
    "raffleCode": "3874"
}]]>
              </value>
            </param>
            <param index="5">
              <value>
                <![CDATA[403.0]]>
              </value>
            </param>
            <param index="6">
              <value>
                <![CDATA[{"message":"Authorization header requires 'Credential' parameter. Authorization header requires 'Signature' parameter. Authorization header requires 'SignedHeaders' parameter. ]]>
              </value>
            </param>
          </params>
          <reporter-output>
          </reporter-output>
        </test-method> <!-- RestApiLoginValidations -->
        <test-method is-config="true" signature="afterMethod()[pri:0, instance:com.Raffloux.ApiTest.RafflouxApiTestClass@724f138e]" started-at="2023-05-31T16:49:53 IST" name="afterMethod" finished-at="2023-05-31T16:49:54 IST" duration-ms="60" status="PASS">
          <reporter-output>
          </reporter-output>
        </test-method> <!-- afterMethod -->
        <test-method is-config="true" signature="beforeMethod()[pri:0, instance:com.Raffloux.ApiTest.RafflouxApiTestClass@724f138e]" started-at="2023-05-31T16:49:54 IST" name="beforeMethod" finished-at="2023-05-31T16:49:54 IST" duration-ms="1" status="PASS">
          <reporter-output>
          </reporter-output>
        </test-method> <!-- beforeMethod -->
        <test-method signature="RestApiLoginValidations(java.lang.String,java.lang.String,java.lang.String,java.lang.String,java.lang.String,double,java.lang.String)[pri:2, instance:com.Raffloux.ApiTest.RafflouxApiTestClass@724f138e]" started-at="2023-05-31T16:49:54 IST" name="RestApiLoginValidations" data-provider="FunctSheet" finished-at="2023-05-31T16:49:59 IST" duration-ms="5575" status="PASS">
          <params>
            <param index="0">
              <value>
                <![CDATA[ROW:83]]>
              </value>
            </param>
            <param index="1">
              <value>
                <![CDATA[get Raffles With Login  by giving  wrong payload]]>
              </value>
            </param>
            <param index="2">
              <value>
                <![CDATA[POST]]>
              </value>
            </param>
            <param index="3">
              <value>
                <![CDATA[/v1/fetchWinnersDatewiseDataWithLogin]]>
              </value>
            </param>
            <param index="4">
              <value>
                <![CDATA[{
    "raffl": "3874"
}]]>
              </value>
            </param>
            <param index="5">
              <value>
                <![CDATA[400.0]]>
              </value>
            </param>
            <param index="6">
              <value>
                <![CDATA[Invalid Request]]>
              </value>
            </param>
          </params>
          <reporter-output>
          </reporter-output>
        </test-method> <!-- RestApiLoginValidations -->
        <test-method is-config="true" signature="afterMethod()[pri:0, instance:com.Raffloux.ApiTest.RafflouxApiTestClass@724f138e]" started-at="2023-05-31T16:49:59 IST" name="afterMethod" finished-at="2023-05-31T16:49:59 IST" duration-ms="55" status="PASS">
          <reporter-output>
          </reporter-output>
        </test-method> <!-- afterMethod -->
        <test-method signature="RestApiLoginValidations(java.lang.String,java.lang.String,java.lang.String,java.lang.String,java.lang.String,double,java.lang.String)[pri:2, instance:com.Raffloux.ApiTest.RafflouxApiTestClass@724f138e]" started-at="2023-05-31T16:49:59 IST" name="RestApiLoginValidations" data-provider="FunctSheet" finished-at="2023-05-31T16:50:05 IST" duration-ms="5829" status="PASS">
          <params>
            <param index="0">
              <value>
                <![CDATA[ROW:84]]>
              </value>
            </param>
            <param index="1">
              <value>
                <![CDATA[Winners Datewise Data Filter With Login]]>
              </value>
            </param>
            <param index="2">
              <value>
                <![CDATA[POST]]>
              </value>
            </param>
            <param index="3">
              <value>
                <![CDATA[/v1/fetchWinnersDatewiseDataFilterWithLogin]]>
              </value>
            </param>
            <param index="4">
              <value>
                <![CDATA[{
    "monthCode":5,
    "year":2023,
    "searchValue":"brief"
}]]>
              </value>
            </param>
            <param index="5">
              <value>
                <![CDATA[200.0]]>
              </value>
            </param>
            <param index="6">
              <value>
                <![CDATA[:[{"date":21,"data":[{"id":9649,"Name":"Angela Cosgrove","TicketNo":440,"Location":"","ImgUrl":"","YouTubeVideoUrl":"","Draw_id":9311,"UserName_id":155572,"Position":1,"isFeatured":false,"created_at":"2023-05-21T21:01:43.539Z","DrawCode":"203845","MainImageUrl":"media23/raf4KBC_main.webp","Title":"£4,000 in a Briefcase - Low Odds"}]},{"date":14,"data":[{"id":9628,"Name":"Nick Shaw","TicketNo":285,"Location":"","ImgUrl":"","YouTubeVideoUrl":"","Draw_id":9]]>
              </value>
            </param>
          </params>
          <reporter-output>
          </reporter-output>
        </test-method> <!-- RestApiLoginValidations -->
        <test-method is-config="true" signature="beforeMethod()[pri:0, instance:com.Raffloux.ApiTest.RafflouxApiTestClass@724f138e]" started-at="2023-05-31T16:49:59 IST" name="beforeMethod" finished-at="2023-05-31T16:49:59 IST" duration-ms="0" status="PASS">
          <reporter-output>
          </reporter-output>
        </test-method> <!-- beforeMethod -->
        <test-method is-config="true" signature="afterMethod()[pri:0, instance:com.Raffloux.ApiTest.RafflouxApiTestClass@724f138e]" started-at="2023-05-31T16:50:05 IST" name="afterMethod" finished-at="2023-05-31T16:50:05 IST" duration-ms="52" status="PASS">
          <reporter-output>
          </reporter-output>
        </test-method> <!-- afterMethod -->
        <test-method signature="RestApiLoginValidations(java.lang.String,java.lang.String,java.lang.String,java.lang.String,java.lang.String,double,java.lang.String)[pri:2, instance:com.Raffloux.ApiTest.RafflouxApiTestClass@724f138e]" started-at="2023-05-31T16:50:05 IST" name="RestApiLoginValidations" data-provider="FunctSheet" finished-at="2023-05-31T16:50:11 IST" duration-ms="5781" status="PASS">
          <params>
            <param index="0">
              <value>
                <![CDATA[ROW:85]]>
              </value>
            </param>
            <param index="1">
              <value>
                <![CDATA[fetchWinnersDatewiseDataFilterWithLogin  by giving invalid endpoint]]>
              </value>
            </param>
            <param index="2">
              <value>
                <![CDATA[POST]]>
              </value>
            </param>
            <param index="3">
              <value>
                <![CDATA[/v1/getRaffePageD]]>
              </value>
            </param>
            <param index="4">
              <value>
                <![CDATA[{
    "raffleCode": "3874"
}]]>
              </value>
            </param>
            <param index="5">
              <value>
                <![CDATA[403.0]]>
              </value>
            </param>
            <param index="6">
              <value>
                <![CDATA[{"message":"Authorization header requires 'Credential' parameter. Authorization header requires 'Signature' parameter. Authorization header requires 'SignedHeaders' parameter. ]]>
              </value>
            </param>
          </params>
          <reporter-output>
          </reporter-output>
        </test-method> <!-- RestApiLoginValidations -->
        <test-method is-config="true" signature="beforeMethod()[pri:0, instance:com.Raffloux.ApiTest.RafflouxApiTestClass@724f138e]" started-at="2023-05-31T16:50:05 IST" name="beforeMethod" finished-at="2023-05-31T16:50:05 IST" duration-ms="0" status="PASS">
          <reporter-output>
          </reporter-output>
        </test-method> <!-- beforeMethod -->
        <test-method is-config="true" signature="afterMethod()[pri:0, instance:com.Raffloux.ApiTest.RafflouxApiTestClass@724f138e]" started-at="2023-05-31T16:50:11 IST" name="afterMethod" finished-at="2023-05-31T16:50:11 IST" duration-ms="79" status="PASS">
          <reporter-output>
          </reporter-output>
        </test-method> <!-- afterMethod -->
        <test-method is-config="true" signature="beforeMethod()[pri:0, instance:com.Raffloux.ApiTest.RafflouxApiTestClass@724f138e]" started-at="2023-05-31T16:50:11 IST" name="beforeMethod" finished-at="2023-05-31T16:50:11 IST" duration-ms="1" status="PASS">
          <reporter-output>
          </reporter-output>
        </test-method> <!-- beforeMethod -->
        <test-method signature="RestApiLoginValidations(java.lang.String,java.lang.String,java.lang.String,java.lang.String,java.lang.String,double,java.lang.String)[pri:2, instance:com.Raffloux.ApiTest.RafflouxApiTestClass@724f138e]" started-at="2023-05-31T16:50:11 IST" name="RestApiLoginValidations" data-provider="FunctSheet" finished-at="2023-05-31T16:50:17 IST" duration-ms="5593" status="PASS">
          <params>
            <param index="0">
              <value>
                <![CDATA[ROW:86]]>
              </value>
            </param>
            <param index="1">
              <value>
                <![CDATA[fetchWinnersDatewiseDataFilterWithLogin   by giving  wrong payload]]>
              </value>
            </param>
            <param index="2">
              <value>
                <![CDATA[POST]]>
              </value>
            </param>
            <param index="3">
              <value>
                <![CDATA[/v1/fetchWinnersDatewiseDataFilterWithLogin]]>
              </value>
            </param>
            <param index="4">
              <value>
                <![CDATA[{
    "raffl": "3874"
}]]>
              </value>
            </param>
            <param index="5">
              <value>
                <![CDATA[400.0]]>
              </value>
            </param>
            <param index="6">
              <value>
                <![CDATA[Invalid Request]]>
              </value>
            </param>
          </params>
          <reporter-output>
          </reporter-output>
        </test-method> <!-- RestApiLoginValidations -->
        <test-method is-config="true" signature="afterMethod()[pri:0, instance:com.Raffloux.ApiTest.RafflouxApiTestClass@724f138e]" started-at="2023-05-31T16:50:17 IST" name="afterMethod" finished-at="2023-05-31T16:50:17 IST" duration-ms="42" status="PASS">
          <reporter-output>
          </reporter-output>
        </test-method> <!-- afterMethod -->
        <test-method is-config="true" signature="tearDown()[pri:0, instance:com.Raffloux.ApiTest.RafflouxApiTestClass@724f138e]" started-at="2023-05-31T16:50:17 IST" name="tearDown" finished-at="2023-05-31T16:50:17 IST" duration-ms="46" status="PASS">
          <reporter-output>
          </reporter-output>
        </test-method> <!-- tearDown -->
      </class> <!-- com.Raffloux.ApiTest.RafflouxApiTestClass -->
    </test> <!-- Default test -->
  </suite> <!-- Default suite -->
</testng-results>
