<?xml version="1.0" encoding="UTF-8"?>
<!-- Generated by org.testng.reporters.JUnitXMLReporter -->
<testsuite ignored="3" hostname="DESKTOP-QJLSV9M" failures="8" tests="94" name="RESTAPITest" time="490.7" errors="0" timestamp="2023-05-31T15:38:00 IST">
  <testcase classname="com.extent.report.ExtentReporthtmlClass" name="@AfterTest afterMethod" time="0.0">
    <failure type="java.lang.NullPointerException" message="Cannot invoke &amp;quot;com.aventstack.extentreports.ExtentReports.flush()&amp;quot; because &amp;quot;this.extent&amp;quot; is null">
      <![CDATA[java.lang.NullPointerException: Cannot invoke "com.aventstack.extentreports.ExtentReports.flush()" because "this.extent" is null
at com.extent.report.ExtentReporthtmlClass.afterMethod(ExtentReporthtmlClass.java:40)
... Removed 24 stack frames]]>
    </failure>
  </testcase> <!-- @AfterTest afterMethod -->
  <testcase classname="com.Raffloux.ApiTest.RafflouxApiTestClass" name="RestApiLoginValidations" time="14.164"/>
  <testcase classname="com.Raffloux.ApiTest.RafflouxApiTestClass" name="RestApiLoginValidations" time="5.799"/>
  <testcase classname="com.Raffloux.ApiTest.RafflouxApiTestClass" name="RestApiLoginValidations" time="5.872"/>
  <testcase classname="com.Raffloux.ApiTest.RafflouxApiTestClass" name="RestApiLoginValidations" time="5.879"/>
  <testcase classname="com.Raffloux.ApiTest.RafflouxApiTestClass" name="RestApiLoginValidations" time="6.164"/>
  <testcase classname="com.Raffloux.ApiTest.RafflouxApiTestClass" name="RestApiLoginValidations" time="5.732"/>
  <testcase classname="com.Raffloux.ApiTest.RafflouxApiTestClass" name="RestApiLoginValidations" time="5.799"/>
  <testcase classname="com.Raffloux.ApiTest.RafflouxApiTestClass" name="RestApiLoginValidations" time="6.247"/>
  <testcase classname="com.Raffloux.ApiTest.RafflouxApiTestClass" name="RestApiLoginValidations" time="5.753"/>
  <testcase classname="com.Raffloux.ApiTest.RafflouxApiTestClass" name="RestApiLoginValidations" time="0.826"/>
  <testcase classname="com.Raffloux.ApiTest.RafflouxApiTestClass" name="RestApiLoginValidations" time="6.507"/>
  <testcase classname="com.Raffloux.ApiTest.RafflouxApiTestClass" name="RestApiLoginValidations" time="5.86"/>
  <testcase classname="com.Raffloux.ApiTest.RafflouxApiTestClass" name="RestApiLoginValidations" time="6.026"/>
  <testcase classname="com.Raffloux.ApiTest.RafflouxApiTestClass" name="RestApiLoginValidations" time="5.703"/>
  <testcase classname="com.Raffloux.ApiTest.RafflouxApiTestClass" name="RestApiLoginValidations" time="5.559"/>
  <testcase classname="com.Raffloux.ApiTest.RafflouxApiTestClass" name="RestApiLoginValidations" time="6.065"/>
  <testcase classname="com.Raffloux.ApiTest.RafflouxApiTestClass" name="RestApiLoginValidations" time="5.747"/>
  <testcase classname="com.Raffloux.ApiTest.RafflouxApiTestClass" name="RestApiLoginValidations" time="6.006"/>
  <testcase classname="com.Raffloux.ApiTest.RafflouxApiTestClass" name="RestApiLoginValidations" time="5.534"/>
  <testcase classname="com.Raffloux.ApiTest.RafflouxApiTestClass" name="RestApiLoginValidations" time="5.846"/>
  <testcase classname="com.Raffloux.ApiTest.RafflouxApiTestClass" name="RestApiLoginValidations" time="5.854"/>
  <testcase classname="com.Raffloux.ApiTest.RafflouxApiTestClass" name="RestApiLoginValidations" time="5.615"/>
  <testcase classname="com.Raffloux.ApiTest.RafflouxApiTestClass" name="RestApiLoginValidations" time="1.128"/>
  <testcase classname="com.Raffloux.ApiTest.RafflouxApiTestClass" name="RestApiLoginValidations" time="5.908"/>
  <testcase classname="com.Raffloux.ApiTest.RafflouxApiTestClass" name="RestApiLoginValidations" time="5.648"/>
  <testcase classname="com.Raffloux.ApiTest.RafflouxApiTestClass" name="RestApiLoginValidations" time="6.075"/>
  <testcase classname="com.Raffloux.ApiTest.RafflouxApiTestClass" name="RestApiLoginValidations" time="5.583"/>
  <testcase classname="com.Raffloux.ApiTest.RafflouxApiTestClass" name="RestApiLoginValidations" time="5.568"/>
  <testcase classname="com.Raffloux.ApiTest.RafflouxApiTestClass" name="RestApiLoginValidations" time="6.162"/>
  <testcase classname="com.Raffloux.ApiTest.RafflouxApiTestClass" name="RestApiLoginValidations" time="6.084"/>
  <testcase classname="com.Raffloux.ApiTest.RafflouxApiTestClass" name="RestApiLoginValidations" time="5.717"/>
  <testcase classname="com.Raffloux.ApiTest.RafflouxApiTestClass" name="RestApiLoginValidations" time="6.351"/>
  <testcase classname="com.Raffloux.ApiTest.RafflouxApiTestClass" name="RestApiLoginValidations" time="5.747"/>
  <testcase classname="com.Raffloux.ApiTest.RafflouxApiTestClass" name="RestApiLoginValidations" time="5.622"/>
  <testcase classname="com.Raffloux.ApiTest.RafflouxApiTestClass" name="RestApiLoginValidations" time="5.743"/>
  <testcase classname="com.Raffloux.ApiTest.RafflouxApiTestClass" name="RestApiLoginValidations" time="5.903"/>
  <testcase classname="com.Raffloux.ApiTest.RafflouxApiTestClass" name="RestApiLoginValidations" time="5.81"/>
  <testcase classname="com.Raffloux.ApiTest.RafflouxApiTestClass" name="RestApiLoginValidations" time="5.936"/>
  <testcase classname="com.Raffloux.ApiTest.RafflouxApiTestClass" name="RestApiLoginValidations" time="5.505"/>
  <testcase classname="com.Raffloux.ApiTest.RafflouxApiTestClass" name="RestApiLoginValidations" time="5.578"/>
  <testcase classname="com.Raffloux.ApiTest.RafflouxApiTestClass" name="RestApiLoginValidations" time="5.562"/>
  <testcase classname="com.Raffloux.ApiTest.RafflouxApiTestClass" name="RestApiLoginValidations" time="5.574"/>
  <testcase classname="com.Raffloux.ApiTest.RafflouxApiTestClass" name="RestApiLoginValidations" time="5.555"/>
  <testcase classname="com.Raffloux.ApiTest.RafflouxApiTestClass" name="RestApiLoginValidations" time="5.638"/>
  <testcase classname="com.Raffloux.ApiTest.RafflouxApiTestClass" name="RestApiLoginValidations" time="5.554"/>
  <testcase classname="com.Raffloux.ApiTest.RafflouxApiTestClass" name="RestApiLoginValidations" time="5.574"/>
  <testcase classname="com.Raffloux.ApiTest.RafflouxApiTestClass" name="RestApiLoginValidations" time="5.612"/>
  <testcase classname="com.Raffloux.ApiTest.RafflouxApiTestClass" name="RestApiLoginValidations" time="6.075"/>
  <testcase classname="com.Raffloux.ApiTest.RafflouxApiTestClass" name="RestApiLoginValidations" time="5.593"/>
  <testcase classname="com.Raffloux.ApiTest.RafflouxApiTestClass" name="RestApiLoginValidations" time="5.606"/>
  <testcase classname="com.Raffloux.ApiTest.RafflouxApiTestClass" name="RestApiLoginValidations" time="5.529"/>
  <testcase classname="com.Raffloux.ApiTest.RafflouxApiTestClass" name="RestApiLoginValidations" time="5.954"/>
  <testcase classname="com.Raffloux.ApiTest.RafflouxApiTestClass" name="RestApiLoginValidations" time="6.047"/>
  <testcase classname="com.Raffloux.ApiTest.RafflouxApiTestClass" name="RestApiLoginValidations" time="5.84"/>
  <testcase classname="com.Raffloux.ApiTest.RafflouxApiTestClass" name="RestApiLoginValidations" time="5.695"/>
  <testcase classname="com.Raffloux.ApiTest.RafflouxApiTestClass" name="RestApiLoginValidations" time="6.036"/>
  <testcase classname="com.Raffloux.ApiTest.RafflouxApiTestClass" name="RestApiLoginValidations" time="5.506"/>
  <testcase classname="com.Raffloux.ApiTest.RafflouxApiTestClass" name="RestApiLoginValidations" time="5.635"/>
  <testcase classname="com.Raffloux.ApiTest.RafflouxApiTestClass" name="RestApiLoginValidations" time="5.906"/>
  <testcase classname="com.Raffloux.ApiTest.RafflouxApiTestClass" name="RestApiLoginValidations" time="5.705"/>
  <testcase classname="com.Raffloux.ApiTest.RafflouxApiTestClass" name="RestApiLoginValidations" time="5.917"/>
  <testcase classname="com.Raffloux.ApiTest.RafflouxApiTestClass" name="RestApiLoginValidations" time="5.855"/>
  <testcase classname="com.Raffloux.ApiTest.RafflouxApiTestClass" name="RestApiLoginValidations" time="5.983"/>
  <testcase classname="com.Raffloux.ApiTest.RafflouxApiTestClass" name="RestApiLoginValidations" time="5.596"/>
  <testcase classname="com.Raffloux.ApiTest.RafflouxApiTestClass" name="RestApiLoginValidations" time="5.574"/>
  <testcase classname="com.Raffloux.ApiTest.RafflouxApiTestClass" name="RestApiLoginValidations" time="5.534"/>
  <testcase classname="com.Raffloux.ApiTest.RafflouxApiTestClass" name="RestApiLoginValidations" time="5.646"/>
  <testcase classname="com.Raffloux.ApiTest.RafflouxApiTestClass" name="RestApiLoginValidations" time="5.711"/>
  <testcase classname="com.Raffloux.ApiTest.RafflouxApiTestClass" name="RestApiLoginValidations" time="5.939"/>
  <testcase classname="com.Raffloux.ApiTest.RafflouxApiTestClass" name="RestApiLoginValidations" time="5.643"/>
  <testcase classname="com.Raffloux.ApiTest.RafflouxApiTestClass" name="RestApiLoginValidations" time="5.518"/>
  <testcase classname="com.Raffloux.ApiTest.RafflouxApiTestClass" name="RestApiLoginValidations" time="5.589"/>
  <testcase classname="com.Raffloux.ApiTest.RafflouxApiTestClass" name="RestApiLoginValidations" time="5.611"/>
  <testcase classname="com.Raffloux.ApiTest.RafflouxApiTestClass" name="RestApiLoginValidations" time="5.672"/>
  <testcase classname="com.Raffloux.ApiTest.RafflouxApiTestClass" name="RestApiLoginValidations" time="5.45"/>
  <testcase classname="com.Raffloux.ApiTest.RafflouxApiTestClass" name="RestApiLoginValidations" time="5.837"/>
  <testcase classname="com.Raffloux.ApiTest.RafflouxApiTestClass" name="RestApiLoginValidations" time="5.863"/>
  <testcase classname="com.Raffloux.ApiTest.RafflouxApiTestClass" name="RestApiLoginValidations" time="5.606"/>
  <testcase classname="com.Raffloux.ApiTest.RafflouxApiTestClass" name="RestApiLoginValidations" time="5.478"/>
  <testcase classname="com.Raffloux.ApiTest.RafflouxApiTestClass" name="RestApiLoginValidations" time="5.632"/>
  <testcase classname="com.Raffloux.ApiTest.RafflouxApiTestClass" name="RestApiLoginValidations" time="0.208"/>
  <testcase classname="com.Raffloux.ApiTest.RafflouxApiTestClass" name="RestApiLoginValidations" time="5.78"/>
  <testcase classname="com.Raffloux.ApiTest.RafflouxApiTestClass" name="RestApiLoginValidations" time="5.581"/>
  <testcase classname="com.Raffloux.ApiTest.RafflouxApiTestClass" name="RestApiLoginValidations" time="5.774"/>
  <testcase classname="com.Raffloux.ApiTest.RafflouxApiTestClass" name="RestApiLoginValidations" time="5.917"/>
  <testcase classname="com.Raffloux.ApiTest.RafflouxApiTestClass" name="RestApiLoginValidations" time="0.501"/>
  <testcase classname="com.Raffloux.ApiTest.RafflouxApiTestClass" name="RestApiLoginValidations" time="475.151">
    <failure type="org.testng.internal.reflect.MethodMatcherException" message="
[public void com.Raffloux.ApiTest.RafflouxApiTestClass.RestApiLoginValidations(java.lang.String,java.lang.String,java.lang.String,java.lang.String,java.lang.String,double,java.lang.String)] has no parameters defined but was found to be using a data provider (either explicitly specified or inherited from class level annotation).
Data provider mismatch
Method: RestApiLoginValidations([java.lang.String arg0, java.lang.String arg1, java.lang.String arg2, java.lang.String arg3, java.lang.String arg4, double arg5, java.lang.String arg6])
Arguments: [(java.lang.String) ROW:87,(java.lang.String) Draw Details,(java.lang.String) POST,(java.lang.String) /v1/fetchDrawDetails,(java.lang.String) {
&amp;quot;drawCode&amp;quot;:&amp;quot;22&amp;quot;},(java.lang.Double) 200.0]">
      <![CDATA[org.testng.internal.reflect.MethodMatcherException: 
[public void com.Raffloux.ApiTest.RafflouxApiTestClass.RestApiLoginValidations(java.lang.String,java.lang.String,java.lang.String,java.lang.String,java.lang.String,double,java.lang.String)] has no parameters defined but was found to be using a data provider (either explicitly specified or inherited from class level annotation).
Data provider mismatch
Method: RestApiLoginValidations([java.lang.String arg0, java.lang.String arg1, java.lang.String arg2, java.lang.String arg3, java.lang.String arg4, double arg5, java.lang.String arg6])
Arguments: [(java.lang.String) ROW:87,(java.lang.String) Draw Details,(java.lang.String) POST,(java.lang.String) /v1/fetchDrawDetails,(java.lang.String) {
"drawCode":"22"},(java.lang.Double) 200.0]
at java.base/java.util.ArrayList.forEach(ArrayList.java:1511)
... Removed 22 stack frames]]>
    </failure>
  </testcase> <!-- RestApiLoginValidations -->
  <testcase classname="com.Raffloux.ApiTest.LoginApiPN" name="RafflouxRestApiValidations" time="0.001">
    <failure type="java.lang.NullPointerException" message="Cannot invoke &amp;quot;com.aventstack.extentreports.ExtentTest.log(com.aventstack.extentreports.Status, String)&amp;quot; because &amp;quot;this.test&amp;quot; is null">
      <![CDATA[java.lang.NullPointerException: Cannot invoke "com.aventstack.extentreports.ExtentTest.log(com.aventstack.extentreports.Status, String)" because "this.test" is null
at com.Raffloux.ApiTest.LoginApiPN.RafflouxRestApiValidations(LoginApiPN.java:37)
at java.base/java.util.ArrayList.forEach(ArrayList.java:1511)
... Removed 27 stack frames]]>
    </failure>
  </testcase> <!-- RafflouxRestApiValidations -->
  <testcase classname="com.Raffloux.ApiTest.LoginApiPN" name="RafflouxRestApiValidations" time="0.001">
    <failure type="java.lang.NullPointerException" message="Cannot invoke &amp;quot;com.aventstack.extentreports.ExtentTest.log(com.aventstack.extentreports.Status, String)&amp;quot; because &amp;quot;this.test&amp;quot; is null">
      <![CDATA[java.lang.NullPointerException: Cannot invoke "com.aventstack.extentreports.ExtentTest.log(com.aventstack.extentreports.Status, String)" because "this.test" is null
at com.Raffloux.ApiTest.LoginApiPN.RafflouxRestApiValidations(LoginApiPN.java:37)
at java.base/java.util.ArrayList.forEach(ArrayList.java:1511)
... Removed 27 stack frames]]>
    </failure>
  </testcase> <!-- RafflouxRestApiValidations -->
  <testcase classname="com.Raffloux.ApiTest.LoginApiPN" name="RafflouxRestApiValidations" time="0.001">
    <failure type="java.lang.NullPointerException" message="Cannot invoke &amp;quot;com.aventstack.extentreports.ExtentTest.log(com.aventstack.extentreports.Status, String)&amp;quot; because &amp;quot;this.test&amp;quot; is null">
      <![CDATA[java.lang.NullPointerException: Cannot invoke "com.aventstack.extentreports.ExtentTest.log(com.aventstack.extentreports.Status, String)" because "this.test" is null
at com.Raffloux.ApiTest.LoginApiPN.RafflouxRestApiValidations(LoginApiPN.java:37)
at java.base/java.util.ArrayList.forEach(ArrayList.java:1511)
... Removed 27 stack frames]]>
    </failure>
  </testcase> <!-- RafflouxRestApiValidations -->
  <testcase classname="com.Raffloux.ApiTest.LoginApiPN" name="RafflouxRestApiValidations" time="0.002">
    <failure type="java.lang.NullPointerException" message="Cannot invoke &amp;quot;com.aventstack.extentreports.ExtentTest.log(com.aventstack.extentreports.Status, String)&amp;quot; because &amp;quot;this.test&amp;quot; is null">
      <![CDATA[java.lang.NullPointerException: Cannot invoke "com.aventstack.extentreports.ExtentTest.log(com.aventstack.extentreports.Status, String)" because "this.test" is null
at com.Raffloux.ApiTest.LoginApiPN.RafflouxRestApiValidations(LoginApiPN.java:37)
at java.base/java.util.ArrayList.forEach(ArrayList.java:1511)
... Removed 27 stack frames]]>
    </failure>
  </testcase> <!-- RafflouxRestApiValidations -->
  <testcase classname="com.Raffloux.ApiTest.LoginApiPN" name="RafflouxRestApiValidations" time="0.001">
    <failure type="java.lang.NullPointerException" message="Cannot invoke &amp;quot;com.aventstack.extentreports.ExtentTest.log(com.aventstack.extentreports.Status, String)&amp;quot; because &amp;quot;this.test&amp;quot; is null">
      <![CDATA[java.lang.NullPointerException: Cannot invoke "com.aventstack.extentreports.ExtentTest.log(com.aventstack.extentreports.Status, String)" because "this.test" is null
at com.Raffloux.ApiTest.LoginApiPN.RafflouxRestApiValidations(LoginApiPN.java:37)
at java.base/java.util.ArrayList.forEach(ArrayList.java:1511)
... Removed 27 stack frames]]>
    </failure>
  </testcase> <!-- RafflouxRestApiValidations -->
  <testcase classname="com.Raffloux.ApiTest.LoginApiPN" name="RafflouxRestApiValidations" time="0.001">
    <failure type="java.lang.NullPointerException" message="Cannot invoke &amp;quot;com.aventstack.extentreports.ExtentTest.log(com.aventstack.extentreports.Status, String)&amp;quot; because &amp;quot;this.test&amp;quot; is null">
      <![CDATA[java.lang.NullPointerException: Cannot invoke "com.aventstack.extentreports.ExtentTest.log(com.aventstack.extentreports.Status, String)" because "this.test" is null
at com.Raffloux.ApiTest.LoginApiPN.RafflouxRestApiValidations(LoginApiPN.java:37)
at java.base/java.util.ArrayList.forEach(ArrayList.java:1511)
... Removed 27 stack frames]]>
    </failure>
  </testcase> <!-- RafflouxRestApiValidations -->
  <testcase classname="com.Raffloux.ApiTest.LoginApiPN" name="RafflouxRestApiValidations" time="0.001">
    <failure type="java.lang.NullPointerException" message="Cannot invoke &amp;quot;com.aventstack.extentreports.ExtentTest.log(com.aventstack.extentreports.Status, String)&amp;quot; because &amp;quot;this.test&amp;quot; is null">
      <![CDATA[java.lang.NullPointerException: Cannot invoke "com.aventstack.extentreports.ExtentTest.log(com.aventstack.extentreports.Status, String)" because "this.test" is null
at com.Raffloux.ApiTest.LoginApiPN.RafflouxRestApiValidations(LoginApiPN.java:37)
at java.base/java.util.ArrayList.forEach(ArrayList.java:1511)
... Removed 27 stack frames]]>
    </failure>
  </testcase> <!-- RafflouxRestApiValidations -->
  <testcase classname="com.extent.report.ExtentReporthtmlClass" name="@AfterSuite tearDown" time="0.0">
    <ignored/>
  </testcase> <!-- @AfterSuite tearDown -->
  <testcase classname="com.extent.report.ExtentReporthtmlClass" name="@BeforeTest beforeMethod" time="0.0">
    <ignored/>
  </testcase> <!-- @BeforeTest beforeMethod -->
  <testcase classname="com.extent.report.ExtentReporthtmlClass" name="@BeforeSuite setUp" time="0.0">
    <ignored/>
  </testcase> <!-- @BeforeSuite setUp -->
</testsuite> <!-- RESTAPITest -->
